#! /c/Source/iverilog-install/bin/vvp
:ivl_version "12.0 (devel)" "(s20150603-1110-g18392a46)";
:ivl_delay_selection "TYPICAL";
:vpi_time_precision + 0;
:vpi_module "c:\iverilog\lib\ivl\system.vpi";
:vpi_module "c:\iverilog\lib\ivl\vhdl_sys.vpi";
:vpi_module "c:\iverilog\lib\ivl\vhdl_textio.vpi";
:vpi_module "c:\iverilog\lib\ivl\v2005_math.vpi";
:vpi_module "c:\iverilog\lib\ivl\va_math.vpi";
S_00000170e81c2830 .scope module, "ALU" "ALU" 2 2;
 .timescale 0 0;
    .port_info 0 /INPUT 32 "A";
    .port_info 1 /INPUT 32 "B";
    .port_info 2 /OUTPUT 32 "Result";
    .port_info 3 /INPUT 3 "ALUControl";
    .port_info 4 /OUTPUT 1 "OverFlow";
    .port_info 5 /OUTPUT 1 "Carry";
    .port_info 6 /OUTPUT 1 "Zero";
    .port_info 7 /OUTPUT 1 "Negative";
L_00000170e8255f18 .functor BUFT 1, C4<0>, C4<0>, C4<0>, C4<0>;
L_00000170e81ecd30 .functor XNOR 1, L_00000170e8254950, L_00000170e8255f18, C4<0>, C4<0>;
L_00000170e81eca90 .functor NOT 33, L_00000170e8255b70, C4<000000000000000000000000000000000>, C4<000000000000000000000000000000000>, C4<000000000000000000000000000000000>;
o00000170e81fafe8 .functor BUFZ 32, C4<zzzzzzzzzzzzzzzzzzzzzzzzzzzzzzzz>; HiZ drive
o00000170e81fb048 .functor BUFZ 32, C4<zzzzzzzzzzzzzzzzzzzzzzzzzzzzzzzz>; HiZ drive
L_00000170e81ec9b0 .functor AND 32, o00000170e81fafe8, o00000170e81fb048, C4<11111111111111111111111111111111>, C4<11111111111111111111111111111111>;
L_00000170e81ec860 .functor OR 32, o00000170e81fafe8, o00000170e81fb048, C4<00000000000000000000000000000000>, C4<00000000000000000000000000000000>;
L_00000170e81ecb00 .functor XOR 1, L_00000170e8255850, L_00000170e8255990, C4<0>, C4<0>;
L_00000170e81eca20 .functor XOR 1, L_00000170e82549f0, L_00000170e8254a90, C4<0>, C4<0>;
L_00000170e81ecbe0 .functor XOR 1, L_00000170e81eca20, L_00000170e8254db0, C4<0>, C4<0>;
L_00000170e81ec8d0 .functor NOT 1, L_00000170e81ecbe0, C4<0>, C4<0>, C4<0>;
L_00000170e81ecda0 .functor AND 1, L_00000170e81ecb00, L_00000170e81ec8d0, C4<1>, C4<1>;
L_00000170e81ece10 .functor NOT 1, L_00000170e8254ef0, C4<0>, C4<0>, C4<0>;
L_00000170e81ecef0 .functor AND 1, L_00000170e81ecda0, L_00000170e81ece10, C4<1>, C4<1>;
L_00000170e82a0920 .functor NOT 1, L_00000170e829efb0, C4<0>, C4<0>, C4<0>;
L_00000170e82a0990 .functor AND 1, L_00000170e82a0920, L_00000170e8254d10, C4<1>, C4<1>;
L_00000170e82a03e0 .functor NOT 32, L_00000170e82548b0, C4<00000000000000000000000000000000>, C4<00000000000000000000000000000000>, C4<00000000000000000000000000000000>;
v00000170e81f05e0_0 .net "A", 31 0, o00000170e81fafe8;  0 drivers
o00000170e81fb018 .functor BUFZ 3, C4<zzz>; HiZ drive
v00000170e81efaa0_0 .net "ALUControl", 2 0, o00000170e81fb018;  0 drivers
v00000170e81f0220_0 .net "B", 31 0, o00000170e81fb048;  0 drivers
v00000170e81f0860_0 .net "Carry", 0 0, L_00000170e82a0990;  1 drivers
v00000170e81f02c0_0 .net "Cout", 0 0, L_00000170e8254d10;  1 drivers
v00000170e81f14e0_0 .net "Negative", 0 0, L_00000170e829f910;  1 drivers
v00000170e81effa0_0 .net "OverFlow", 0 0, L_00000170e81ecef0;  1 drivers
v00000170e81f1620_0 .net "Result", 31 0, L_00000170e82548b0;  1 drivers
v00000170e81f0360_0 .net "Sum", 31 0, L_00000170e8254590;  1 drivers
v00000170e81efbe0_0 .net "Zero", 0 0, L_00000170e829f0f0;  1 drivers
v00000170e81f0400_0 .net *"_ivl_100", 0 0, L_00000170e8254ef0;  1 drivers
v00000170e81ef8c0_0 .net *"_ivl_101", 0 0, L_00000170e81ece10;  1 drivers
v00000170e81ef960_0 .net *"_ivl_106", 0 0, L_00000170e829efb0;  1 drivers
v00000170e81f0680_0 .net *"_ivl_107", 0 0, L_00000170e82a0920;  1 drivers
v00000170e81f0f40_0 .net *"_ivl_111", 31 0, L_00000170e82a03e0;  1 drivers
L_00000170e8255f60 .functor BUFT 1, C4<0>, C4<0>, C4<0>, C4<0>;
v00000170e81eff00_0 .net *"_ivl_12", 0 0, L_00000170e8255f60;  1 drivers
v00000170e81f1260_0 .net *"_ivl_13", 32 0, L_00000170e8254090;  1 drivers
L_00000170e8255fa8 .functor BUFT 1, C4<0>, C4<0>, C4<0>, C4<0>;
v00000170e81efd20_0 .net *"_ivl_16", 0 0, L_00000170e8255fa8;  1 drivers
v00000170e81f0b80_0 .net *"_ivl_17", 32 0, L_00000170e82541d0;  1 drivers
v00000170e81f16c0_0 .net *"_ivl_19", 32 0, L_00000170e8254770;  1 drivers
L_00000170e8255ff0 .functor BUFT 1, C4<0>, C4<0>, C4<0>, C4<0>;
v00000170e81efb40_0 .net *"_ivl_22", 0 0, L_00000170e8255ff0;  1 drivers
v00000170e81f04a0_0 .net *"_ivl_23", 32 0, L_00000170e8255b70;  1 drivers
L_00000170e8256038 .functor BUFT 1, C4<0>, C4<0>, C4<0>, C4<0>;
v00000170e81efa00_0 .net *"_ivl_26", 0 0, L_00000170e8256038;  1 drivers
v00000170e81f0c20_0 .net *"_ivl_27", 32 0, L_00000170e81eca90;  1 drivers
L_00000170e8256080 .functor BUFT 1, C4<000000000000000000000000000000001>, C4<0>, C4<0>, C4<0>;
v00000170e81f0540_0 .net/2u *"_ivl_29", 32 0, L_00000170e8256080;  1 drivers
v00000170e81efdc0_0 .net *"_ivl_31", 32 0, L_00000170e8255350;  1 drivers
v00000170e81f0720_0 .net *"_ivl_33", 32 0, L_00000170e82553f0;  1 drivers
v00000170e81f0900_0 .net *"_ivl_35", 32 0, L_00000170e8255cb0;  1 drivers
L_00000170e82560c8 .functor BUFT 1, C4<000>, C4<0>, C4<0>, C4<0>;
v00000170e81f1120_0 .net/2u *"_ivl_37", 2 0, L_00000170e82560c8;  1 drivers
v00000170e81f09a0_0 .net *"_ivl_39", 0 0, L_00000170e8255d50;  1 drivers
v00000170e81efe60_0 .net *"_ivl_4", 0 0, L_00000170e8254950;  1 drivers
L_00000170e8256110 .functor BUFT 1, C4<001>, C4<0>, C4<0>, C4<0>;
v00000170e81f0fe0_0 .net/2u *"_ivl_41", 2 0, L_00000170e8256110;  1 drivers
v00000170e81f0ae0_0 .net *"_ivl_43", 0 0, L_00000170e8254270;  1 drivers
L_00000170e8256158 .functor BUFT 1, C4<010>, C4<0>, C4<0>, C4<0>;
v00000170e81f0cc0_0 .net/2u *"_ivl_45", 2 0, L_00000170e8256158;  1 drivers
v00000170e81f1300_0 .net *"_ivl_47", 0 0, L_00000170e8255710;  1 drivers
v00000170e81f0a40_0 .net *"_ivl_49", 31 0, L_00000170e81ec9b0;  1 drivers
v00000170e81f0040_0 .net/2u *"_ivl_5", 0 0, L_00000170e8255f18;  1 drivers
L_00000170e82561a0 .functor BUFT 1, C4<011>, C4<0>, C4<0>, C4<0>;
v00000170e81f00e0_0 .net/2u *"_ivl_51", 2 0, L_00000170e82561a0;  1 drivers
v00000170e81f0d60_0 .net *"_ivl_53", 0 0, L_00000170e8254bd0;  1 drivers
v00000170e81f0e00_0 .net *"_ivl_55", 31 0, L_00000170e81ec860;  1 drivers
L_00000170e82561e8 .functor BUFT 1, C4<101>, C4<0>, C4<0>, C4<0>;
v00000170e81f0ea0_0 .net/2u *"_ivl_57", 2 0, L_00000170e82561e8;  1 drivers
v00000170e8255670_0 .net *"_ivl_59", 0 0, L_00000170e82544f0;  1 drivers
L_00000170e8256230 .functor BUFT 1, C4<0000000000000000000000000000000>, C4<0>, C4<0>, C4<0>;
v00000170e82552b0_0 .net/2u *"_ivl_61", 30 0, L_00000170e8256230;  1 drivers
v00000170e82543b0_0 .net *"_ivl_64", 0 0, L_00000170e82557b0;  1 drivers
v00000170e8255df0_0 .net *"_ivl_65", 31 0, L_00000170e8255490;  1 drivers
L_00000170e8256278 .functor BUFT 1, C4<00000000000000000000000000000000>, C4<0>, C4<0>, C4<0>;
v00000170e8254c70_0 .net/2u *"_ivl_67", 31 0, L_00000170e8256278;  1 drivers
v00000170e82555d0_0 .net *"_ivl_69", 31 0, L_00000170e82558f0;  1 drivers
v00000170e8255530_0 .net *"_ivl_7", 0 0, L_00000170e81ecd30;  1 drivers
v00000170e8254310_0 .net *"_ivl_71", 31 0, L_00000170e8254630;  1 drivers
v00000170e82550d0_0 .net *"_ivl_73", 31 0, L_00000170e8254810;  1 drivers
v00000170e8254b30_0 .net *"_ivl_75", 31 0, L_00000170e8255030;  1 drivers
v00000170e8255170_0 .net *"_ivl_80", 0 0, L_00000170e8255850;  1 drivers
v00000170e8254f90_0 .net *"_ivl_82", 0 0, L_00000170e8255990;  1 drivers
v00000170e8255a30_0 .net *"_ivl_83", 0 0, L_00000170e81ecb00;  1 drivers
v00000170e8253f50_0 .net *"_ivl_86", 0 0, L_00000170e82549f0;  1 drivers
v00000170e8254450_0 .net *"_ivl_88", 0 0, L_00000170e8254a90;  1 drivers
v00000170e8254e50_0 .net *"_ivl_89", 0 0, L_00000170e81eca20;  1 drivers
v00000170e8255c10_0 .net *"_ivl_9", 32 0, L_00000170e8254130;  1 drivers
v00000170e8253ff0_0 .net *"_ivl_92", 0 0, L_00000170e8254db0;  1 drivers
v00000170e82546d0_0 .net *"_ivl_93", 0 0, L_00000170e81ecbe0;  1 drivers
v00000170e8255210_0 .net *"_ivl_95", 0 0, L_00000170e81ec8d0;  1 drivers
v00000170e8255ad0_0 .net *"_ivl_97", 0 0, L_00000170e81ecda0;  1 drivers
L_00000170e8254d10 .part L_00000170e8255cb0, 32, 1;
L_00000170e8254590 .part L_00000170e8255cb0, 0, 32;
L_00000170e8254950 .part o00000170e81fb018, 0, 1;
L_00000170e8254130 .concat [ 32 1 0 0], o00000170e81fafe8, L_00000170e8255f60;
L_00000170e8254090 .concat [ 32 1 0 0], o00000170e81fb048, L_00000170e8255fa8;
L_00000170e82541d0 .arith/sum 33, L_00000170e8254130, L_00000170e8254090;
L_00000170e8254770 .concat [ 32 1 0 0], o00000170e81fafe8, L_00000170e8255ff0;
L_00000170e8255b70 .concat [ 32 1 0 0], o00000170e81fb048, L_00000170e8256038;
L_00000170e8255350 .arith/sum 33, L_00000170e81eca90, L_00000170e8256080;
L_00000170e82553f0 .arith/sum 33, L_00000170e8254770, L_00000170e8255350;
L_00000170e8255cb0 .functor MUXZ 33, L_00000170e82553f0, L_00000170e82541d0, L_00000170e81ecd30, C4<>;
L_00000170e8255d50 .cmp/eq 3, o00000170e81fb018, L_00000170e82560c8;
L_00000170e8254270 .cmp/eq 3, o00000170e81fb018, L_00000170e8256110;
L_00000170e8255710 .cmp/eq 3, o00000170e81fb018, L_00000170e8256158;
L_00000170e8254bd0 .cmp/eq 3, o00000170e81fb018, L_00000170e82561a0;
L_00000170e82544f0 .cmp/eq 3, o00000170e81fb018, L_00000170e82561e8;
L_00000170e82557b0 .part L_00000170e8254590, 31, 1;
L_00000170e8255490 .concat [ 1 31 0 0], L_00000170e82557b0, L_00000170e8256230;
L_00000170e82558f0 .functor MUXZ 32, L_00000170e8256278, L_00000170e8255490, L_00000170e82544f0, C4<>;
L_00000170e8254630 .functor MUXZ 32, L_00000170e82558f0, L_00000170e81ec860, L_00000170e8254bd0, C4<>;
L_00000170e8254810 .functor MUXZ 32, L_00000170e8254630, L_00000170e81ec9b0, L_00000170e8255710, C4<>;
L_00000170e8255030 .functor MUXZ 32, L_00000170e8254810, L_00000170e8254590, L_00000170e8254270, C4<>;
L_00000170e82548b0 .functor MUXZ 32, L_00000170e8255030, L_00000170e8254590, L_00000170e8255d50, C4<>;
L_00000170e8255850 .part L_00000170e8254590, 31, 1;
L_00000170e8255990 .part o00000170e81fafe8, 31, 1;
L_00000170e82549f0 .part o00000170e81fb018, 0, 1;
L_00000170e8254a90 .part o00000170e81fb048, 31, 1;
L_00000170e8254db0 .part o00000170e81fafe8, 31, 1;
L_00000170e8254ef0 .part o00000170e81fb018, 1, 1;
L_00000170e829efb0 .part o00000170e81fb018, 1, 1;
L_00000170e829f0f0 .reduce/and L_00000170e82a03e0;
L_00000170e829f910 .part L_00000170e82548b0, 31, 1;
# The file index is used to find the file name in the following table.
:file_names 3;
    "N/A";
    "<interactive>";
    "_alu.v";
