#! /c/Source/iverilog-install/bin/vvp
:ivl_version "12.0 (devel)" "(s20150603-1110-g18392a46)";
:ivl_delay_selection "TYPICAL";
:vpi_time_precision + 0;
:vpi_module "c:\iverilog\lib\ivl\system.vpi";
:vpi_module "c:\iverilog\lib\ivl\vhdl_sys.vpi";
:vpi_module "c:\iverilog\lib\ivl\vhdl_textio.vpi";
:vpi_module "c:\iverilog\lib\ivl\v2005_math.vpi";
:vpi_module "c:\iverilog\lib\ivl\va_math.vpi";
S_000001c0f4b72720 .scope module, "Data_Memory" "Data_Memory" 2 1;
 .timescale 0 0;
    .port_info 0 /INPUT 1 "clk";
    .port_info 1 /INPUT 1 "rst";
    .port_info 2 /INPUT 1 "WE";
    .port_info 3 /INPUT 32 "WD";
    .port_info 4 /INPUT 32 "A";
    .port_info 5 /OUTPUT 32 "RD";
o000001c0f4ba7128 .functor BUFZ 1, C4<z>; HiZ drive
L_000001c0f4b5bc50 .functor NOT 1, o000001c0f4ba7128, C4<0>, C4<0>, C4<0>;
o000001c0f4ba6fa8 .functor BUFZ 32, C4<zzzzzzzzzzzzzzzzzzzzzzzzzzzzzzzz>; HiZ drive
v000001c0f4b728b0_0 .net "A", 31 0, o000001c0f4ba6fa8;  0 drivers
v000001c0f4b72950_0 .net "RD", 31 0, L_000001c0f4ba1460;  1 drivers
o000001c0f4ba7008 .functor BUFZ 32, C4<zzzzzzzzzzzzzzzzzzzzzzzzzzzzzzzz>; HiZ drive
v000001c0f4b729f0_0 .net "WD", 31 0, o000001c0f4ba7008;  0 drivers
o000001c0f4ba7038 .functor BUFZ 1, C4<z>; HiZ drive
v000001c0f4b72a90_0 .net "WE", 0 0, o000001c0f4ba7038;  0 drivers
v000001c0f4b72b30_0 .net *"_ivl_0", 0 0, L_000001c0f4b5bc50;  1 drivers
L_000001c0f4bf0028 .functor BUFT 1, C4<00000000000000000000000000000000>, C4<0>, C4<0>, C4<0>;
v000001c0f4b5b8a0_0 .net/2u *"_ivl_2", 31 0, L_000001c0f4bf0028;  1 drivers
v000001c0f4b5b940_0 .net *"_ivl_4", 31 0, L_000001c0f4b5bcc0;  1 drivers
o000001c0f4ba70f8 .functor BUFZ 1, C4<z>; HiZ drive
v000001c0f4b5b9e0_0 .net "clk", 0 0, o000001c0f4ba70f8;  0 drivers
v000001c0f4b5ba80 .array "mem", 0 1023, 31 0;
v000001c0f4b5bbb0_0 .net "rst", 0 0, o000001c0f4ba7128;  0 drivers
E_000001c0f4b5cb50 .event posedge, v000001c0f4b5b9e0_0;
L_000001c0f4b5bcc0 .array/port v000001c0f4b5ba80, o000001c0f4ba6fa8;
L_000001c0f4ba1460 .functor MUXZ 32, L_000001c0f4b5bcc0, L_000001c0f4bf0028, L_000001c0f4b5bc50, C4<>;
    .scope S_000001c0f4b72720;
T_0 ;
    %wait E_000001c0f4b5cb50;
    %load/vec4 v000001c0f4b72a90_0;
    %flag_set/vec4 8;
    %jmp/0xz  T_0.0, 8;
    %load/vec4 v000001c0f4b729f0_0;
    %ix/getv 3, v000001c0f4b728b0_0;
    %ix/load 4, 0, 0; Constant delay
    %assign/vec4/a/d v000001c0f4b5ba80, 0, 4;
T_0.0 ;
    %jmp T_0;
    .thread T_0;
    .scope S_000001c0f4b72720;
T_1 ;
    %pushi/vec4 32, 0, 32;
    %ix/load 4, 28, 0;
    %flag_set/imm 4, 0;
    %store/vec4a v000001c0f4b5ba80, 4, 0;
    %end;
    .thread T_1;
# The file index is used to find the file name in the following table.
:file_names 3;
    "N/A";
    "<interactive>";
    "_data_memory.v";
