#! /c/Source/iverilog-install/bin/vvp
:ivl_version "12.0 (devel)" "(s20150603-1110-g18392a46)";
:ivl_delay_selection "TYPICAL";
:vpi_time_precision + 0;
:vpi_module "c:\iverilog\lib\ivl\system.vpi";
:vpi_module "c:\iverilog\lib\ivl\vhdl_sys.vpi";
:vpi_module "c:\iverilog\lib\ivl\vhdl_textio.vpi";
:vpi_module "c:\iverilog\lib\ivl\v2005_math.vpi";
:vpi_module "c:\iverilog\lib\ivl\va_math.vpi";
S_000001b8bff66df0 .scope module, "Mux" "Mux" 2 1;
 .timescale 0 0;
    .port_info 0 /INPUT 32 "a";
    .port_info 1 /INPUT 32 "b";
    .port_info 2 /INPUT 1 "s";
    .port_info 3 /OUTPUT 32 "c";
o000001b8bff67048 .functor BUFZ 1, C4<z>; HiZ drive
L_000001b8bff33140 .functor NOT 1, o000001b8bff67048, C4<0>, C4<0>, C4<0>;
v000001b8bff32720_0 .net *"_ivl_0", 0 0, L_000001b8bff33140;  1 drivers
o000001b8bff66fb8 .functor BUFZ 32, C4<zzzzzzzzzzzzzzzzzzzzzzzzzzzzzzzz>; HiZ drive
v000001b8bffabff0_0 .net "a", 31 0, o000001b8bff66fb8;  0 drivers
o000001b8bff66fe8 .functor BUFZ 32, C4<zzzzzzzzzzzzzzzzzzzzzzzzzzzzzzzz>; HiZ drive
v000001b8bffac090_0 .net "b", 31 0, o000001b8bff66fe8;  0 drivers
v000001b8bffac130_0 .net "c", 31 0, L_000001b8bffac270;  1 drivers
v000001b8bffac1d0_0 .net "s", 0 0, o000001b8bff67048;  0 drivers
L_000001b8bffac270 .functor MUXZ 32, o000001b8bff66fe8, o000001b8bff66fb8, L_000001b8bff33140, C4<>;
# The file index is used to find the file name in the following table.
:file_names 3;
    "N/A";
    "<interactive>";
    "_mux.v";
