#! /c/Source/iverilog-install/bin/vvp
:ivl_version "12.0 (devel)" "(s20150603-1110-g18392a46)";
:ivl_delay_selection "TYPICAL";
:vpi_time_precision + 0;
:vpi_module "c:\iverilog\lib\ivl\system.vpi";
:vpi_module "c:\iverilog\lib\ivl\vhdl_sys.vpi";
:vpi_module "c:\iverilog\lib\ivl\vhdl_textio.vpi";
:vpi_module "c:\iverilog\lib\ivl\v2005_math.vpi";
:vpi_module "c:\iverilog\lib\ivl\va_math.vpi";
S_00000212de502720 .scope module, "PC_Adder" "PC_Adder" 2 1;
 .timescale 0 0;
    .port_info 0 /INPUT 32 "a";
    .port_info 1 /INPUT 32 "b";
    .port_info 2 /OUTPUT 32 "c";
o00000212de5369f8 .functor BUFZ 32, C4<zzzzzzzzzzzzzzzzzzzzzzzzzzzzzzzz>; HiZ drive
v00000212de5028b0_0 .net "a", 31 0, o00000212de5369f8;  0 drivers
o00000212de536a28 .functor BUFZ 32, C4<zzzzzzzzzzzzzzzzzzzzzzzzzzzzzzzz>; HiZ drive
v00000212de502950_0 .net "b", 31 0, o00000212de536a28;  0 drivers
v00000212de5029f0_0 .net "c", 31 0, L_00000212de502a90;  1 drivers
L_00000212de502a90 .arith/sum 32, o00000212de5369f8, o00000212de536a28;
# The file index is used to find the file name in the following table.
:file_names 3;
    "N/A";
    "<interactive>";
    "_pc_adder.v";
