#! /c/Source/iverilog-install/bin/vvp
:ivl_version "12.0 (devel)" "(s20150603-1110-g18392a46)";
:ivl_delay_selection "TYPICAL";
:vpi_time_precision + 0;
:vpi_module "c:\iverilog\lib\ivl\system.vpi";
:vpi_module "c:\iverilog\lib\ivl\vhdl_sys.vpi";
:vpi_module "c:\iverilog\lib\ivl\vhdl_textio.vpi";
:vpi_module "c:\iverilog\lib\ivl\v2005_math.vpi";
:vpi_module "c:\iverilog\lib\ivl\va_math.vpi";
S_000001e4c0b9bdd0 .scope module, "Register_File" "Register_File" 2 1;
 .timescale 0 0;
    .port_info 0 /INPUT 1 "clk";
    .port_info 1 /INPUT 1 "rst";
    .port_info 2 /INPUT 1 "WE3";
    .port_info 3 /INPUT 32 "WD3";
    .port_info 4 /INPUT 5 "A1";
    .port_info 5 /INPUT 5 "A2";
    .port_info 6 /INPUT 5 "A3";
    .port_info 7 /OUTPUT 32 "RD1";
    .port_info 8 /OUTPUT 32 "RD2";
o000001e4c0be7338 .functor BUFZ 1, C4<z>; HiZ drive
L_000001e4c0bb2a10 .functor NOT 1, o000001e4c0be7338, C4<0>, C4<0>, C4<0>;
L_000001e4c0bb2a80 .functor NOT 1, o000001e4c0be7338, C4<0>, C4<0>, C4<0>;
o000001e4c0be6fd8 .functor BUFZ 5, C4<zzzzz>; HiZ drive
v000001e4c0bb27c0_0 .net "A1", 4 0, o000001e4c0be6fd8;  0 drivers
o000001e4c0be7008 .functor BUFZ 5, C4<zzzzz>; HiZ drive
v000001e4c0bb2860_0 .net "A2", 4 0, o000001e4c0be7008;  0 drivers
o000001e4c0be7038 .functor BUFZ 5, C4<zzzzz>; HiZ drive
v000001e4c0c2c7e0_0 .net "A3", 4 0, o000001e4c0be7038;  0 drivers
v000001e4c0c2c920_0 .net "RD1", 31 0, L_000001e4c0c2c9c0;  1 drivers
v000001e4c0c2c4c0_0 .net "RD2", 31 0, L_000001e4c0c2c380;  1 drivers
v000001e4c0c2c560 .array "Register", 0 31, 31 0;
o000001e4c0be70c8 .functor BUFZ 32, C4<zzzzzzzzzzzzzzzzzzzzzzzzzzzzzzzz>; HiZ drive
v000001e4c0c2c600_0 .net "WD3", 31 0, o000001e4c0be70c8;  0 drivers
o000001e4c0be70f8 .functor BUFZ 1, C4<z>; HiZ drive
v000001e4c0c2cba0_0 .net "WE3", 0 0, o000001e4c0be70f8;  0 drivers
v000001e4c0c2c240_0 .net *"_ivl_0", 0 0, L_000001e4c0bb2a10;  1 drivers
v000001e4c0c2bca0_0 .net *"_ivl_12", 0 0, L_000001e4c0bb2a80;  1 drivers
L_000001e4c0c2ccf8 .functor BUFT 1, C4<00000000000000000000000000000000>, C4<0>, C4<0>, C4<0>;
v000001e4c0c2c6a0_0 .net/2u *"_ivl_14", 31 0, L_000001e4c0c2ccf8;  1 drivers
v000001e4c0c2c740_0 .net *"_ivl_16", 31 0, L_000001e4c0c2c060;  1 drivers
v000001e4c0c2bf20_0 .net *"_ivl_18", 6 0, L_000001e4c0c2c100;  1 drivers
L_000001e4c0c2cc68 .functor BUFT 1, C4<00000000000000000000000000000000>, C4<0>, C4<0>, C4<0>;
v000001e4c0c2ca60_0 .net/2u *"_ivl_2", 31 0, L_000001e4c0c2cc68;  1 drivers
L_000001e4c0c2cd40 .functor BUFT 1, C4<00>, C4<0>, C4<0>, C4<0>;
v000001e4c0c2cb00_0 .net *"_ivl_21", 1 0, L_000001e4c0c2cd40;  1 drivers
v000001e4c0c2bd40_0 .net *"_ivl_4", 31 0, L_000001e4c0c2bfc0;  1 drivers
v000001e4c0c2c2e0_0 .net *"_ivl_6", 6 0, L_000001e4c0c2c420;  1 drivers
L_000001e4c0c2ccb0 .functor BUFT 1, C4<00>, C4<0>, C4<0>, C4<0>;
v000001e4c0c2c880_0 .net *"_ivl_9", 1 0, L_000001e4c0c2ccb0;  1 drivers
o000001e4c0be7308 .functor BUFZ 1, C4<z>; HiZ drive
v000001e4c0c2bde0_0 .net "clk", 0 0, o000001e4c0be7308;  0 drivers
v000001e4c0c2be80_0 .net "rst", 0 0, o000001e4c0be7338;  0 drivers
E_000001e4c0be6b30 .event posedge, v000001e4c0c2bde0_0;
L_000001e4c0c2bfc0 .array/port v000001e4c0c2c560, L_000001e4c0c2c420;
L_000001e4c0c2c420 .concat [ 5 2 0 0], o000001e4c0be6fd8, L_000001e4c0c2ccb0;
L_000001e4c0c2c9c0 .functor MUXZ 32, L_000001e4c0c2bfc0, L_000001e4c0c2cc68, L_000001e4c0bb2a10, C4<>;
L_000001e4c0c2c060 .array/port v000001e4c0c2c560, L_000001e4c0c2c100;
L_000001e4c0c2c100 .concat [ 5 2 0 0], o000001e4c0be7008, L_000001e4c0c2cd40;
L_000001e4c0c2c380 .functor MUXZ 32, L_000001e4c0c2c060, L_000001e4c0c2ccf8, L_000001e4c0bb2a80, C4<>;
    .scope S_000001e4c0b9bdd0;
T_0 ;
    %wait E_000001e4c0be6b30;
    %load/vec4 v000001e4c0c2cba0_0;
    %flag_set/vec4 8;
    %jmp/0xz  T_0.0, 8;
    %load/vec4 v000001e4c0c2c600_0;
    %load/vec4 v000001e4c0c2c7e0_0;
    %pad/u 7;
    %ix/vec4 3;
    %ix/load 4, 0, 0; Constant delay
    %assign/vec4/a/d v000001e4c0c2c560, 0, 4;
T_0.0 ;
    %jmp T_0;
    .thread T_0;
    .scope S_000001e4c0b9bdd0;
T_1 ;
    %pushi/vec4 5, 0, 32;
    %ix/load 4, 5, 0;
    %flag_set/imm 4, 0;
    %store/vec4a v000001e4c0c2c560, 4, 0;
    %pushi/vec4 4, 0, 32;
    %ix/load 4, 6, 0;
    %flag_set/imm 4, 0;
    %store/vec4a v000001e4c0c2c560, 4, 0;
    %end;
    .thread T_1;
# The file index is used to find the file name in the following table.
:file_names 3;
    "N/A";
    "<interactive>";
    "_register_file.v";
