#! /c/Source/iverilog-install/bin/vvp
:ivl_version "12.0 (devel)" "(s20150603-1110-g18392a46)";
:ivl_delay_selection "TYPICAL";
:vpi_time_precision + 0;
:vpi_module "c:\iverilog\lib\ivl\system.vpi";
:vpi_module "c:\iverilog\lib\ivl\vhdl_sys.vpi";
:vpi_module "c:\iverilog\lib\ivl\vhdl_textio.vpi";
:vpi_module "c:\iverilog\lib\ivl\v2005_math.vpi";
:vpi_module "c:\iverilog\lib\ivl\va_math.vpi";
S_000001f239fdda00 .scope module, "Single_Cycle_Top_Tb" "Single_Cycle_Top_Tb" 2 3;
 .timescale 0 0;
v000001f23a07fc70_0 .var "clk", 0 0;
v000001f23a07eeb0_0 .var "rst", 0 0;
S_000001f239fddb90 .scope module, "Single_Cycle_Top" "Single_Cycle_Top" 2 7, 3 11 0, S_000001f239fdda00;
 .timescale 0 0;
    .port_info 0 /INPUT 1 "clk";
    .port_info 1 /INPUT 1 "rst";
v000001f23a07bb30_0 .net "ALUControl_Top", 2 0, L_000001f23a0dea10;  1 drivers
v000001f23a07b590_0 .net "ALUResult", 31 0, L_000001f23a07e7d0;  1 drivers
v000001f23a07bbd0_0 .net "ALUSrc", 0 0, L_000001f23a07c7f0;  1 drivers
v000001f23a07f090_0 .net "ImmSrc", 1 0, L_000001f23a07c6b0;  1 drivers
v000001f23a07fd10_0 .net "Imm_Ext_Top", 31 0, L_000001f23a07ced0;  1 drivers
v000001f23a07fdb0_0 .net "MemWrite", 0 0, L_000001f23a07d290;  1 drivers
v000001f23a07fe50_0 .net "PCPlus4", 31 0, L_000001f23a07ecd0;  1 drivers
v000001f23a07fa90_0 .net "PC_Top", 31 0, v000001f23a07aa50_0;  1 drivers
v000001f23a07f1d0_0 .net "RD1_Top", 31 0, L_000001f23a07ea50;  1 drivers
v000001f23a07f450_0 .net "RD2_Top", 31 0, L_000001f23a07f3b0;  1 drivers
v000001f23a07f130_0 .net "RD_Instr", 31 0, L_000001f23a07e9b0;  1 drivers
v000001f23a07ff90_0 .net "ReadData", 31 0, L_000001f23a0dec90;  1 drivers
v000001f23a07ed70_0 .net "RegWrite", 0 0, L_000001f23a07dc90;  1 drivers
v000001f23a07fef0_0 .net "Result", 31 0, L_000001f23a0df410;  1 drivers
v000001f23a07ec30_0 .net "ResultSrc", 0 0, L_000001f23a07da10;  1 drivers
v000001f23a07f270_0 .net "SrcB", 31 0, L_000001f23a07e690;  1 drivers
v000001f23a07ee10_0 .net "clk", 0 0, v000001f23a07fc70_0;  1 drivers
v000001f23a07e910_0 .net "rst", 0 0, v000001f23a07eeb0_0;  1 drivers
L_000001f23a07f590 .part L_000001f23a07e9b0, 15, 5;
L_000001f23a07fbd0 .part L_000001f23a07e9b0, 20, 5;
L_000001f23a07fb30 .part L_000001f23a07e9b0, 7, 5;
L_000001f23a07c110 .part L_000001f23a07c6b0, 0, 1;
L_000001f23a0df2d0 .part L_000001f23a07e9b0, 0, 7;
L_000001f23a0deab0 .part L_000001f23a07e9b0, 12, 3;
L_000001f23a0deb50 .part L_000001f23a07e9b0, 0, 7;
S_000001f239fddd20 .scope module, "ALU" "ALU" 3 64, 4 2 0, S_000001f239fddb90;
 .timescale 0 0;
    .port_info 0 /INPUT 32 "A";
    .port_info 1 /INPUT 32 "B";
    .port_info 2 /OUTPUT 32 "Result";
    .port_info 3 /INPUT 3 "ALUControl";
    .port_info 4 /OUTPUT 1 "OverFlow";
    .port_info 5 /OUTPUT 1 "Carry";
    .port_info 6 /OUTPUT 1 "Zero";
    .port_info 7 /OUTPUT 1 "Negative";
L_000001f23a0802c0 .functor BUFT 1, C4<0>, C4<0>, C4<0>, C4<0>;
L_000001f23a0d95a0 .functor XNOR 1, L_000001f23a07c390, L_000001f23a0802c0, C4<0>, C4<0>;
L_000001f23a0da020 .functor NOT 33, L_000001f23a07cbb0, C4<000000000000000000000000000000000>, C4<000000000000000000000000000000000>, C4<000000000000000000000000000000000>;
L_000001f23a0d9300 .functor AND 32, L_000001f23a07ea50, L_000001f23a07e690, C4<11111111111111111111111111111111>, C4<11111111111111111111111111111111>;
L_000001f23a0d9920 .functor OR 32, L_000001f23a07ea50, L_000001f23a07e690, C4<00000000000000000000000000000000>, C4<00000000000000000000000000000000>;
L_000001f23a0d96f0 .functor XOR 1, L_000001f23a07d650, L_000001f23a07df10, C4<0>, C4<0>;
L_000001f23a0d9ed0 .functor XOR 1, L_000001f23a07d830, L_000001f23a07c9d0, C4<0>, C4<0>;
L_000001f23a0d9610 .functor XOR 1, L_000001f23a0d9ed0, L_000001f23a07c250, C4<0>, C4<0>;
L_000001f23a0d9c30 .functor NOT 1, L_000001f23a0d9610, C4<0>, C4<0>, C4<0>;
L_000001f23a0d9680 .functor AND 1, L_000001f23a0d96f0, L_000001f23a0d9c30, C4<1>, C4<1>;
L_000001f23a0d9f40 .functor NOT 1, L_000001f23a07c4d0, C4<0>, C4<0>, C4<0>;
L_000001f23a0d9ca0 .functor AND 1, L_000001f23a0d9680, L_000001f23a0d9f40, C4<1>, C4<1>;
L_000001f23a0d9140 .functor NOT 1, L_000001f23a07d970, C4<0>, C4<0>, C4<0>;
L_000001f23a0d91b0 .functor AND 1, L_000001f23a0d9140, L_000001f23a07c2f0, C4<1>, C4<1>;
L_000001f23a0d9a70 .functor NOT 32, L_000001f23a07e7d0, C4<00000000000000000000000000000000>, C4<00000000000000000000000000000000>, C4<00000000000000000000000000000000>;
v000001f23a01b600_0 .net "A", 31 0, L_000001f23a07ea50;  alias, 1 drivers
v000001f23a01b560_0 .net "ALUControl", 2 0, L_000001f23a0dea10;  alias, 1 drivers
v000001f23a01b7e0_0 .net "B", 31 0, L_000001f23a07e690;  alias, 1 drivers
v000001f23a01b880_0 .net "Carry", 0 0, L_000001f23a0d91b0;  1 drivers
v000001f239fcce90_0 .net "Cout", 0 0, L_000001f23a07c2f0;  1 drivers
v000001f239fccfd0_0 .net "Negative", 0 0, L_000001f23a07d510;  1 drivers
v000001f23a06ad60_0 .net "OverFlow", 0 0, L_000001f23a0d9ca0;  1 drivers
v000001f23a06a9a0_0 .net "Result", 31 0, L_000001f23a07e7d0;  alias, 1 drivers
v000001f23a06a400_0 .net "Sum", 31 0, L_000001f23a07d010;  1 drivers
v000001f23a06aa40_0 .net "Zero", 0 0, L_000001f23a07e410;  1 drivers
v000001f23a069320_0 .net *"_ivl_100", 0 0, L_000001f23a07c4d0;  1 drivers
v000001f23a068ec0_0 .net *"_ivl_101", 0 0, L_000001f23a0d9f40;  1 drivers
v000001f23a068f60_0 .net *"_ivl_106", 0 0, L_000001f23a07d970;  1 drivers
v000001f23a06a900_0 .net *"_ivl_107", 0 0, L_000001f23a0d9140;  1 drivers
v000001f23a069640_0 .net *"_ivl_111", 31 0, L_000001f23a0d9a70;  1 drivers
L_000001f23a080308 .functor BUFT 1, C4<0>, C4<0>, C4<0>, C4<0>;
v000001f23a069b40_0 .net *"_ivl_12", 0 0, L_000001f23a080308;  1 drivers
v000001f23a069e60_0 .net *"_ivl_13", 32 0, L_000001f23a07c430;  1 drivers
L_000001f23a080350 .functor BUFT 1, C4<0>, C4<0>, C4<0>, C4<0>;
v000001f23a06a180_0 .net *"_ivl_16", 0 0, L_000001f23a080350;  1 drivers
v000001f23a069000_0 .net *"_ivl_17", 32 0, L_000001f23a07e870;  1 drivers
v000001f23a0690a0_0 .net *"_ivl_19", 32 0, L_000001f23a07e4b0;  1 drivers
L_000001f23a080398 .functor BUFT 1, C4<0>, C4<0>, C4<0>, C4<0>;
v000001f23a06ac20_0 .net *"_ivl_22", 0 0, L_000001f23a080398;  1 drivers
v000001f23a06a0e0_0 .net *"_ivl_23", 32 0, L_000001f23a07cbb0;  1 drivers
L_000001f23a0803e0 .functor BUFT 1, C4<0>, C4<0>, C4<0>, C4<0>;
v000001f23a069be0_0 .net *"_ivl_26", 0 0, L_000001f23a0803e0;  1 drivers
v000001f23a069f00_0 .net *"_ivl_27", 32 0, L_000001f23a0da020;  1 drivers
L_000001f23a080428 .functor BUFT 1, C4<000000000000000000000000000000001>, C4<0>, C4<0>, C4<0>;
v000001f23a06ab80_0 .net/2u *"_ivl_29", 32 0, L_000001f23a080428;  1 drivers
v000001f23a0693c0_0 .net *"_ivl_31", 32 0, L_000001f23a07dab0;  1 drivers
v000001f23a06a540_0 .net *"_ivl_33", 32 0, L_000001f23a07cc50;  1 drivers
v000001f23a069140_0 .net *"_ivl_35", 32 0, L_000001f23a07ca70;  1 drivers
L_000001f23a080470 .functor BUFT 1, C4<000>, C4<0>, C4<0>, C4<0>;
v000001f23a06a680_0 .net/2u *"_ivl_37", 2 0, L_000001f23a080470;  1 drivers
v000001f23a0691e0_0 .net *"_ivl_39", 0 0, L_000001f23a07e190;  1 drivers
v000001f23a069280_0 .net *"_ivl_4", 0 0, L_000001f23a07c390;  1 drivers
L_000001f23a0804b8 .functor BUFT 1, C4<001>, C4<0>, C4<0>, C4<0>;
v000001f23a06aae0_0 .net/2u *"_ivl_41", 2 0, L_000001f23a0804b8;  1 drivers
v000001f23a069c80_0 .net *"_ivl_43", 0 0, L_000001f23a07c610;  1 drivers
L_000001f23a080500 .functor BUFT 1, C4<010>, C4<0>, C4<0>, C4<0>;
v000001f23a06acc0_0 .net/2u *"_ivl_45", 2 0, L_000001f23a080500;  1 drivers
v000001f23a069460_0 .net *"_ivl_47", 0 0, L_000001f23a07e370;  1 drivers
v000001f23a069a00_0 .net *"_ivl_49", 31 0, L_000001f23a0d9300;  1 drivers
v000001f23a069820_0 .net/2u *"_ivl_5", 0 0, L_000001f23a0802c0;  1 drivers
L_000001f23a080548 .functor BUFT 1, C4<011>, C4<0>, C4<0>, C4<0>;
v000001f23a069500_0 .net/2u *"_ivl_51", 2 0, L_000001f23a080548;  1 drivers
v000001f23a0696e0_0 .net *"_ivl_53", 0 0, L_000001f23a07c570;  1 drivers
v000001f23a06a220_0 .net *"_ivl_55", 31 0, L_000001f23a0d9920;  1 drivers
L_000001f23a080590 .functor BUFT 1, C4<101>, C4<0>, C4<0>, C4<0>;
v000001f23a0695a0_0 .net/2u *"_ivl_57", 2 0, L_000001f23a080590;  1 drivers
v000001f23a069780_0 .net *"_ivl_59", 0 0, L_000001f23a07ccf0;  1 drivers
L_000001f23a0805d8 .functor BUFT 1, C4<0000000000000000000000000000000>, C4<0>, C4<0>, C4<0>;
v000001f23a069aa0_0 .net/2u *"_ivl_61", 30 0, L_000001f23a0805d8;  1 drivers
v000001f23a069960_0 .net *"_ivl_64", 0 0, L_000001f23a07cf70;  1 drivers
v000001f23a0698c0_0 .net *"_ivl_65", 31 0, L_000001f23a07e0f0;  1 drivers
L_000001f23a080620 .functor BUFT 1, C4<00000000000000000000000000000000>, C4<0>, C4<0>, C4<0>;
v000001f23a069d20_0 .net/2u *"_ivl_67", 31 0, L_000001f23a080620;  1 drivers
v000001f23a069dc0_0 .net *"_ivl_69", 31 0, L_000001f23a07d8d0;  1 drivers
v000001f23a069fa0_0 .net *"_ivl_7", 0 0, L_000001f23a0d95a0;  1 drivers
v000001f23a06a040_0 .net *"_ivl_71", 31 0, L_000001f23a07e5f0;  1 drivers
v000001f23a06a2c0_0 .net *"_ivl_73", 31 0, L_000001f23a07d0b0;  1 drivers
v000001f23a06a360_0 .net *"_ivl_75", 31 0, L_000001f23a07c1b0;  1 drivers
v000001f23a06a4a0_0 .net *"_ivl_80", 0 0, L_000001f23a07d650;  1 drivers
v000001f23a06a5e0_0 .net *"_ivl_82", 0 0, L_000001f23a07df10;  1 drivers
v000001f23a06a720_0 .net *"_ivl_83", 0 0, L_000001f23a0d96f0;  1 drivers
v000001f23a06a7c0_0 .net *"_ivl_86", 0 0, L_000001f23a07d830;  1 drivers
v000001f23a06a860_0 .net *"_ivl_88", 0 0, L_000001f23a07c9d0;  1 drivers
v000001f23a06b3d0_0 .net *"_ivl_89", 0 0, L_000001f23a0d9ed0;  1 drivers
v000001f23a06bfb0_0 .net *"_ivl_9", 32 0, L_000001f23a07e730;  1 drivers
v000001f23a06b510_0 .net *"_ivl_92", 0 0, L_000001f23a07c250;  1 drivers
v000001f23a06caf0_0 .net *"_ivl_93", 0 0, L_000001f23a0d9610;  1 drivers
v000001f23a06be70_0 .net *"_ivl_95", 0 0, L_000001f23a0d9c30;  1 drivers
v000001f23a06af70_0 .net *"_ivl_97", 0 0, L_000001f23a0d9680;  1 drivers
L_000001f23a07c2f0 .part L_000001f23a07ca70, 32, 1;
L_000001f23a07d010 .part L_000001f23a07ca70, 0, 32;
L_000001f23a07c390 .part L_000001f23a0dea10, 0, 1;
L_000001f23a07e730 .concat [ 32 1 0 0], L_000001f23a07ea50, L_000001f23a080308;
L_000001f23a07c430 .concat [ 32 1 0 0], L_000001f23a07e690, L_000001f23a080350;
L_000001f23a07e870 .arith/sum 33, L_000001f23a07e730, L_000001f23a07c430;
L_000001f23a07e4b0 .concat [ 32 1 0 0], L_000001f23a07ea50, L_000001f23a080398;
L_000001f23a07cbb0 .concat [ 32 1 0 0], L_000001f23a07e690, L_000001f23a0803e0;
L_000001f23a07dab0 .arith/sum 33, L_000001f23a0da020, L_000001f23a080428;
L_000001f23a07cc50 .arith/sum 33, L_000001f23a07e4b0, L_000001f23a07dab0;
L_000001f23a07ca70 .functor MUXZ 33, L_000001f23a07cc50, L_000001f23a07e870, L_000001f23a0d95a0, C4<>;
L_000001f23a07e190 .cmp/eq 3, L_000001f23a0dea10, L_000001f23a080470;
L_000001f23a07c610 .cmp/eq 3, L_000001f23a0dea10, L_000001f23a0804b8;
L_000001f23a07e370 .cmp/eq 3, L_000001f23a0dea10, L_000001f23a080500;
L_000001f23a07c570 .cmp/eq 3, L_000001f23a0dea10, L_000001f23a080548;
L_000001f23a07ccf0 .cmp/eq 3, L_000001f23a0dea10, L_000001f23a080590;
L_000001f23a07cf70 .part L_000001f23a07d010, 31, 1;
L_000001f23a07e0f0 .concat [ 1 31 0 0], L_000001f23a07cf70, L_000001f23a0805d8;
L_000001f23a07d8d0 .functor MUXZ 32, L_000001f23a080620, L_000001f23a07e0f0, L_000001f23a07ccf0, C4<>;
L_000001f23a07e5f0 .functor MUXZ 32, L_000001f23a07d8d0, L_000001f23a0d9920, L_000001f23a07c570, C4<>;
L_000001f23a07d0b0 .functor MUXZ 32, L_000001f23a07e5f0, L_000001f23a0d9300, L_000001f23a07e370, C4<>;
L_000001f23a07c1b0 .functor MUXZ 32, L_000001f23a07d0b0, L_000001f23a07d010, L_000001f23a07c610, C4<>;
L_000001f23a07e7d0 .functor MUXZ 32, L_000001f23a07c1b0, L_000001f23a07d010, L_000001f23a07e190, C4<>;
L_000001f23a07d650 .part L_000001f23a07d010, 31, 1;
L_000001f23a07df10 .part L_000001f23a07ea50, 31, 1;
L_000001f23a07d830 .part L_000001f23a0dea10, 0, 1;
L_000001f23a07c9d0 .part L_000001f23a07e690, 31, 1;
L_000001f23a07c250 .part L_000001f23a07ea50, 31, 1;
L_000001f23a07c4d0 .part L_000001f23a0dea10, 1, 1;
L_000001f23a07d970 .part L_000001f23a0dea10, 1, 1;
L_000001f23a07e410 .reduce/and L_000001f23a0d9a70;
L_000001f23a07d510 .part L_000001f23a07e7d0, 31, 1;
S_000001f239fbb650 .scope module, "Control_Unit_Top" "Control_Unit_Top" 3 75, 5 3 0, S_000001f239fddb90;
 .timescale 0 0;
    .port_info 0 /INPUT 7 "Op";
    .port_info 1 /OUTPUT 1 "RegWrite";
    .port_info 2 /OUTPUT 2 "ImmSrc";
    .port_info 3 /OUTPUT 1 "ALUSrc";
    .port_info 4 /OUTPUT 1 "MemWrite";
    .port_info 5 /OUTPUT 1 "ResultSrc";
    .port_info 6 /OUTPUT 1 "Branch";
    .port_info 7 /INPUT 3 "funct3";
    .port_info 8 /INPUT 7 "funct7";
    .port_info 9 /OUTPUT 3 "ALUControl";
v000001f23a078c20_0 .net "ALUControl", 2 0, L_000001f23a0dea10;  alias, 1 drivers
v000001f23a078f40_0 .net "ALUOp", 1 0, L_000001f23a07cb10;  1 drivers
v000001f23a078400_0 .net "ALUSrc", 0 0, L_000001f23a07c7f0;  alias, 1 drivers
v000001f23a079a80_0 .net "Branch", 0 0, L_000001f23a07d3d0;  1 drivers
v000001f23a078cc0_0 .net "ImmSrc", 1 0, L_000001f23a07c6b0;  alias, 1 drivers
v000001f23a079f80_0 .net "MemWrite", 0 0, L_000001f23a07d290;  alias, 1 drivers
v000001f23a078680_0 .net "Op", 6 0, L_000001f23a0df2d0;  1 drivers
v000001f23a078a40_0 .net "RegWrite", 0 0, L_000001f23a07dc90;  alias, 1 drivers
v000001f23a0793a0_0 .net "ResultSrc", 0 0, L_000001f23a07da10;  alias, 1 drivers
v000001f23a078360_0 .net "funct3", 2 0, L_000001f23a0deab0;  1 drivers
v000001f23a0799e0_0 .net "funct7", 6 0, L_000001f23a0deb50;  1 drivers
S_000001f239f6dfb0 .scope module, "ALU_Decoder" "ALU_Decoder" 5 24, 6 1 0, S_000001f239fbb650;
 .timescale 0 0;
    .port_info 0 /INPUT 2 "ALUOp";
    .port_info 1 /INPUT 3 "funct3";
    .port_info 2 /INPUT 7 "funct7";
    .port_info 3 /INPUT 7 "op";
    .port_info 4 /OUTPUT 3 "ALUControl";
L_000001f23a0d9ae0 .functor AND 1, L_000001f23a07ce30, L_000001f23a07d790, C4<1>, C4<1>;
L_000001f23a0d9760 .functor AND 1, L_000001f23a0d9ae0, L_000001f23a0dfc30, C4<1>, C4<1>;
L_000001f23a0d9370 .functor AND 1, L_000001f23a0df550, L_000001f23a0dfb90, C4<1>, C4<1>;
L_000001f23a0d93e0 .functor AND 1, L_000001f23a0d9370, L_000001f23a0df690, C4<1>, C4<1>;
L_000001f23a0d9d10 .functor AND 1, L_000001f23a0dfd70, L_000001f23a0dfe10, C4<1>, C4<1>;
L_000001f23a0d97d0 .functor AND 1, L_000001f23a0df7d0, L_000001f23a0df870, C4<1>, C4<1>;
L_000001f23a0d9450 .functor AND 1, L_000001f23a0dfeb0, L_000001f23a0dff50, C4<1>, C4<1>;
v000001f23a06ccd0_0 .net "ALUControl", 2 0, L_000001f23a0dea10;  alias, 1 drivers
v000001f23a06b010_0 .net "ALUOp", 1 0, L_000001f23a07cb10;  alias, 1 drivers
L_000001f23a080e00 .functor BUFT 1, C4<00>, C4<0>, C4<0>, C4<0>;
v000001f23a06b0b0_0 .net/2u *"_ivl_0", 1 0, L_000001f23a080e00;  1 drivers
L_000001f23a080ed8 .functor BUFT 1, C4<001>, C4<0>, C4<0>, C4<0>;
v000001f23a06bf10_0 .net/2u *"_ivl_10", 2 0, L_000001f23a080ed8;  1 drivers
v000001f23a06c370_0 .net *"_ivl_100", 2 0, L_000001f23a0df730;  1 drivers
v000001f23a06bd30_0 .net *"_ivl_102", 2 0, L_000001f23a0df5f0;  1 drivers
v000001f23a06c730_0 .net *"_ivl_104", 2 0, L_000001f23a0dfff0;  1 drivers
v000001f23a06cb90_0 .net *"_ivl_106", 2 0, L_000001f23a0de970;  1 drivers
v000001f23a06c690_0 .net *"_ivl_108", 2 0, L_000001f23a0df190;  1 drivers
L_000001f23a080f20 .functor BUFT 1, C4<10>, C4<0>, C4<0>, C4<0>;
v000001f23a06c050_0 .net/2u *"_ivl_12", 1 0, L_000001f23a080f20;  1 drivers
v000001f23a06c7d0_0 .net *"_ivl_14", 0 0, L_000001f23a07ce30;  1 drivers
L_000001f23a080f68 .functor BUFT 1, C4<000>, C4<0>, C4<0>, C4<0>;
v000001f23a06c190_0 .net/2u *"_ivl_16", 2 0, L_000001f23a080f68;  1 drivers
v000001f23a06c0f0_0 .net *"_ivl_18", 0 0, L_000001f23a07d790;  1 drivers
v000001f23a06b5b0_0 .net *"_ivl_2", 0 0, L_000001f23a07cd90;  1 drivers
v000001f23a06bbf0_0 .net *"_ivl_20", 0 0, L_000001f23a0d9ae0;  1 drivers
v000001f23a06ba10_0 .net *"_ivl_23", 0 0, L_000001f23a07db50;  1 drivers
v000001f23a06b650_0 .net *"_ivl_25", 0 0, L_000001f23a07dbf0;  1 drivers
v000001f23a06c410_0 .net *"_ivl_26", 1 0, L_000001f23a07ddd0;  1 drivers
L_000001f23a080fb0 .functor BUFT 1, C4<11>, C4<0>, C4<0>, C4<0>;
v000001f23a06c870_0 .net/2u *"_ivl_28", 1 0, L_000001f23a080fb0;  1 drivers
v000001f23a06b470_0 .net *"_ivl_30", 0 0, L_000001f23a0dfc30;  1 drivers
v000001f23a06b1f0_0 .net *"_ivl_32", 0 0, L_000001f23a0d9760;  1 drivers
L_000001f23a080ff8 .functor BUFT 1, C4<001>, C4<0>, C4<0>, C4<0>;
v000001f23a06c4b0_0 .net/2u *"_ivl_34", 2 0, L_000001f23a080ff8;  1 drivers
L_000001f23a081040 .functor BUFT 1, C4<10>, C4<0>, C4<0>, C4<0>;
v000001f23a06c230_0 .net/2u *"_ivl_36", 1 0, L_000001f23a081040;  1 drivers
v000001f23a06b6f0_0 .net *"_ivl_38", 0 0, L_000001f23a0df550;  1 drivers
L_000001f23a080e48 .functor BUFT 1, C4<000>, C4<0>, C4<0>, C4<0>;
v000001f23a06c910_0 .net/2u *"_ivl_4", 2 0, L_000001f23a080e48;  1 drivers
L_000001f23a081088 .functor BUFT 1, C4<000>, C4<0>, C4<0>, C4<0>;
v000001f23a06b790_0 .net/2u *"_ivl_40", 2 0, L_000001f23a081088;  1 drivers
v000001f23a06b290_0 .net *"_ivl_42", 0 0, L_000001f23a0dfb90;  1 drivers
v000001f23a06b830_0 .net *"_ivl_44", 0 0, L_000001f23a0d9370;  1 drivers
v000001f23a06c2d0_0 .net *"_ivl_47", 0 0, L_000001f23a0dfcd0;  1 drivers
v000001f23a06b8d0_0 .net *"_ivl_49", 0 0, L_000001f23a0ded30;  1 drivers
v000001f23a06b150_0 .net *"_ivl_50", 1 0, L_000001f23a0dfa50;  1 drivers
L_000001f23a0810d0 .functor BUFT 1, C4<11>, C4<0>, C4<0>, C4<0>;
v000001f23a06b330_0 .net/2u *"_ivl_52", 1 0, L_000001f23a0810d0;  1 drivers
v000001f23a06c550_0 .net *"_ivl_54", 0 0, L_000001f23a0df690;  1 drivers
v000001f23a06cd70_0 .net *"_ivl_56", 0 0, L_000001f23a0d93e0;  1 drivers
L_000001f23a081118 .functor BUFT 1, C4<000>, C4<0>, C4<0>, C4<0>;
v000001f23a06c5f0_0 .net/2u *"_ivl_58", 2 0, L_000001f23a081118;  1 drivers
L_000001f23a080e90 .functor BUFT 1, C4<01>, C4<0>, C4<0>, C4<0>;
v000001f23a06aed0_0 .net/2u *"_ivl_6", 1 0, L_000001f23a080e90;  1 drivers
L_000001f23a081160 .functor BUFT 1, C4<10>, C4<0>, C4<0>, C4<0>;
v000001f23a06bb50_0 .net/2u *"_ivl_60", 1 0, L_000001f23a081160;  1 drivers
v000001f23a06bdd0_0 .net *"_ivl_62", 0 0, L_000001f23a0dfd70;  1 drivers
L_000001f23a0811a8 .functor BUFT 1, C4<010>, C4<0>, C4<0>, C4<0>;
v000001f23a06b970_0 .net/2u *"_ivl_64", 2 0, L_000001f23a0811a8;  1 drivers
v000001f23a06bab0_0 .net *"_ivl_66", 0 0, L_000001f23a0dfe10;  1 drivers
v000001f23a06bc90_0 .net *"_ivl_68", 0 0, L_000001f23a0d9d10;  1 drivers
L_000001f23a0811f0 .functor BUFT 1, C4<101>, C4<0>, C4<0>, C4<0>;
v000001f23a06ca50_0 .net/2u *"_ivl_70", 2 0, L_000001f23a0811f0;  1 drivers
L_000001f23a081238 .functor BUFT 1, C4<10>, C4<0>, C4<0>, C4<0>;
v000001f23a06c9b0_0 .net/2u *"_ivl_72", 1 0, L_000001f23a081238;  1 drivers
v000001f23a06cc30_0 .net *"_ivl_74", 0 0, L_000001f23a0df7d0;  1 drivers
L_000001f23a081280 .functor BUFT 1, C4<110>, C4<0>, C4<0>, C4<0>;
v000001f23a06e380_0 .net/2u *"_ivl_76", 2 0, L_000001f23a081280;  1 drivers
v000001f23a06d5c0_0 .net *"_ivl_78", 0 0, L_000001f23a0df870;  1 drivers
v000001f23a06d660_0 .net *"_ivl_8", 0 0, L_000001f23a07d6f0;  1 drivers
v000001f23a06e420_0 .net *"_ivl_80", 0 0, L_000001f23a0d97d0;  1 drivers
L_000001f23a0812c8 .functor BUFT 1, C4<011>, C4<0>, C4<0>, C4<0>;
v000001f23a06dc00_0 .net/2u *"_ivl_82", 2 0, L_000001f23a0812c8;  1 drivers
L_000001f23a081310 .functor BUFT 1, C4<10>, C4<0>, C4<0>, C4<0>;
v000001f23a06e6a0_0 .net/2u *"_ivl_84", 1 0, L_000001f23a081310;  1 drivers
v000001f23a06d980_0 .net *"_ivl_86", 0 0, L_000001f23a0dfeb0;  1 drivers
L_000001f23a081358 .functor BUFT 1, C4<111>, C4<0>, C4<0>, C4<0>;
v000001f23a06ea60_0 .net/2u *"_ivl_88", 2 0, L_000001f23a081358;  1 drivers
v000001f23a06d340_0 .net *"_ivl_90", 0 0, L_000001f23a0dff50;  1 drivers
v000001f23a06d8e0_0 .net *"_ivl_92", 0 0, L_000001f23a0d9450;  1 drivers
L_000001f23a0813a0 .functor BUFT 1, C4<010>, C4<0>, C4<0>, C4<0>;
v000001f23a06d0c0_0 .net/2u *"_ivl_94", 2 0, L_000001f23a0813a0;  1 drivers
L_000001f23a0813e8 .functor BUFT 1, C4<000>, C4<0>, C4<0>, C4<0>;
v000001f23a06e4c0_0 .net/2u *"_ivl_96", 2 0, L_000001f23a0813e8;  1 drivers
v000001f23a06e880_0 .net *"_ivl_98", 2 0, L_000001f23a0dfaf0;  1 drivers
v000001f23a06d3e0_0 .net "funct3", 2 0, L_000001f23a0deab0;  alias, 1 drivers
v000001f23a06e240_0 .net "funct7", 6 0, L_000001f23a0deb50;  alias, 1 drivers
v000001f23a06e560_0 .net "op", 6 0, L_000001f23a0df2d0;  alias, 1 drivers
L_000001f23a07cd90 .cmp/eq 2, L_000001f23a07cb10, L_000001f23a080e00;
L_000001f23a07d6f0 .cmp/eq 2, L_000001f23a07cb10, L_000001f23a080e90;
L_000001f23a07ce30 .cmp/eq 2, L_000001f23a07cb10, L_000001f23a080f20;
L_000001f23a07d790 .cmp/eq 3, L_000001f23a0deab0, L_000001f23a080f68;
L_000001f23a07db50 .part L_000001f23a0df2d0, 5, 1;
L_000001f23a07dbf0 .part L_000001f23a0deb50, 5, 1;
L_000001f23a07ddd0 .concat [ 1 1 0 0], L_000001f23a07dbf0, L_000001f23a07db50;
L_000001f23a0dfc30 .cmp/eq 2, L_000001f23a07ddd0, L_000001f23a080fb0;
L_000001f23a0df550 .cmp/eq 2, L_000001f23a07cb10, L_000001f23a081040;
L_000001f23a0dfb90 .cmp/eq 3, L_000001f23a0deab0, L_000001f23a081088;
L_000001f23a0dfcd0 .part L_000001f23a0df2d0, 5, 1;
L_000001f23a0ded30 .part L_000001f23a0deb50, 5, 1;
L_000001f23a0dfa50 .concat [ 1 1 0 0], L_000001f23a0ded30, L_000001f23a0dfcd0;
L_000001f23a0df690 .cmp/ne 2, L_000001f23a0dfa50, L_000001f23a0810d0;
L_000001f23a0dfd70 .cmp/eq 2, L_000001f23a07cb10, L_000001f23a081160;
L_000001f23a0dfe10 .cmp/eq 3, L_000001f23a0deab0, L_000001f23a0811a8;
L_000001f23a0df7d0 .cmp/eq 2, L_000001f23a07cb10, L_000001f23a081238;
L_000001f23a0df870 .cmp/eq 3, L_000001f23a0deab0, L_000001f23a081280;
L_000001f23a0dfeb0 .cmp/eq 2, L_000001f23a07cb10, L_000001f23a081310;
L_000001f23a0dff50 .cmp/eq 3, L_000001f23a0deab0, L_000001f23a081358;
L_000001f23a0dfaf0 .functor MUXZ 3, L_000001f23a0813e8, L_000001f23a0813a0, L_000001f23a0d9450, C4<>;
L_000001f23a0df730 .functor MUXZ 3, L_000001f23a0dfaf0, L_000001f23a0812c8, L_000001f23a0d97d0, C4<>;
L_000001f23a0df5f0 .functor MUXZ 3, L_000001f23a0df730, L_000001f23a0811f0, L_000001f23a0d9d10, C4<>;
L_000001f23a0dfff0 .functor MUXZ 3, L_000001f23a0df5f0, L_000001f23a081118, L_000001f23a0d93e0, C4<>;
L_000001f23a0de970 .functor MUXZ 3, L_000001f23a0dfff0, L_000001f23a080ff8, L_000001f23a0d9760, C4<>;
L_000001f23a0df190 .functor MUXZ 3, L_000001f23a0de970, L_000001f23a080ed8, L_000001f23a07d6f0, C4<>;
L_000001f23a0dea10 .functor MUXZ 3, L_000001f23a0df190, L_000001f23a080e48, L_000001f23a07cd90, C4<>;
S_000001f239fc8590 .scope module, "Main_Decoder" "Main_Decoder" 5 13, 7 1 0, S_000001f239fbb650;
 .timescale 0 0;
    .port_info 0 /INPUT 7 "Op";
    .port_info 1 /OUTPUT 1 "RegWrite";
    .port_info 2 /OUTPUT 2 "ImmSrc";
    .port_info 3 /OUTPUT 1 "ALUSrc";
    .port_info 4 /OUTPUT 1 "MemWrite";
    .port_info 5 /OUTPUT 1 "ResultSrc";
    .port_info 6 /OUTPUT 1 "Branch";
    .port_info 7 /OUTPUT 2 "ALUOp";
L_000001f23a0d9290 .functor OR 1, L_000001f23a07e230, L_000001f23a07d5b0, C4<0>, C4<0>;
L_000001f23a0d9220 .functor OR 1, L_000001f23a07dd30, L_000001f23a07c750, C4<0>, C4<0>;
v000001f23a06d200_0 .net "ALUOp", 1 0, L_000001f23a07cb10;  alias, 1 drivers
v000001f23a06e920_0 .net "ALUSrc", 0 0, L_000001f23a07c7f0;  alias, 1 drivers
v000001f23a06d480_0 .net "Branch", 0 0, L_000001f23a07d3d0;  alias, 1 drivers
v000001f23a06e600_0 .net "ImmSrc", 1 0, L_000001f23a07c6b0;  alias, 1 drivers
v000001f23a06d160_0 .net "MemWrite", 0 0, L_000001f23a07d290;  alias, 1 drivers
v000001f23a06d520_0 .net "Op", 6 0, L_000001f23a0df2d0;  alias, 1 drivers
v000001f23a06ece0_0 .net "RegWrite", 0 0, L_000001f23a07dc90;  alias, 1 drivers
v000001f23a06ed80_0 .net "ResultSrc", 0 0, L_000001f23a07da10;  alias, 1 drivers
L_000001f23a080668 .functor BUFT 1, C4<0000011>, C4<0>, C4<0>, C4<0>;
v000001f23a06d2a0_0 .net/2u *"_ivl_0", 6 0, L_000001f23a080668;  1 drivers
L_000001f23a0806f8 .functor BUFT 1, C4<1>, C4<0>, C4<0>, C4<0>;
v000001f23a06eba0_0 .net/2u *"_ivl_10", 0 0, L_000001f23a0806f8;  1 drivers
L_000001f23a080740 .functor BUFT 1, C4<0>, C4<0>, C4<0>, C4<0>;
v000001f23a06cee0_0 .net/2u *"_ivl_12", 0 0, L_000001f23a080740;  1 drivers
L_000001f23a080788 .functor BUFT 1, C4<0100011>, C4<0>, C4<0>, C4<0>;
v000001f23a06e2e0_0 .net/2u *"_ivl_16", 6 0, L_000001f23a080788;  1 drivers
v000001f23a06cf80_0 .net *"_ivl_18", 0 0, L_000001f23a07d150;  1 drivers
v000001f23a06e740_0 .net *"_ivl_2", 0 0, L_000001f23a07e230;  1 drivers
L_000001f23a0807d0 .functor BUFT 1, C4<01>, C4<0>, C4<0>, C4<0>;
v000001f23a06d700_0 .net/2u *"_ivl_20", 1 0, L_000001f23a0807d0;  1 drivers
L_000001f23a080818 .functor BUFT 1, C4<1100011>, C4<0>, C4<0>, C4<0>;
v000001f23a06e9c0_0 .net/2u *"_ivl_22", 6 0, L_000001f23a080818;  1 drivers
v000001f23a06e7e0_0 .net *"_ivl_24", 0 0, L_000001f23a07dfb0;  1 drivers
L_000001f23a080860 .functor BUFT 1, C4<10>, C4<0>, C4<0>, C4<0>;
v000001f23a06df20_0 .net/2u *"_ivl_26", 1 0, L_000001f23a080860;  1 drivers
L_000001f23a0808a8 .functor BUFT 1, C4<00>, C4<0>, C4<0>, C4<0>;
v000001f23a06d840_0 .net/2u *"_ivl_28", 1 0, L_000001f23a0808a8;  1 drivers
v000001f23a06d7a0_0 .net *"_ivl_30", 1 0, L_000001f23a07e2d0;  1 drivers
L_000001f23a0808f0 .functor BUFT 1, C4<0000011>, C4<0>, C4<0>, C4<0>;
v000001f23a06da20_0 .net/2u *"_ivl_34", 6 0, L_000001f23a0808f0;  1 drivers
v000001f23a06ec40_0 .net *"_ivl_36", 0 0, L_000001f23a07dd30;  1 drivers
L_000001f23a080938 .functor BUFT 1, C4<0100011>, C4<0>, C4<0>, C4<0>;
v000001f23a06eb00_0 .net/2u *"_ivl_38", 6 0, L_000001f23a080938;  1 drivers
L_000001f23a0806b0 .functor BUFT 1, C4<0110011>, C4<0>, C4<0>, C4<0>;
v000001f23a06d020_0 .net/2u *"_ivl_4", 6 0, L_000001f23a0806b0;  1 drivers
v000001f23a06dac0_0 .net *"_ivl_40", 0 0, L_000001f23a07c750;  1 drivers
v000001f23a06db60_0 .net *"_ivl_42", 0 0, L_000001f23a0d9220;  1 drivers
L_000001f23a080980 .functor BUFT 1, C4<1>, C4<0>, C4<0>, C4<0>;
v000001f23a06dca0_0 .net/2u *"_ivl_44", 0 0, L_000001f23a080980;  1 drivers
L_000001f23a0809c8 .functor BUFT 1, C4<0>, C4<0>, C4<0>, C4<0>;
v000001f23a06e1a0_0 .net/2u *"_ivl_46", 0 0, L_000001f23a0809c8;  1 drivers
L_000001f23a080a10 .functor BUFT 1, C4<0100011>, C4<0>, C4<0>, C4<0>;
v000001f23a06dd40_0 .net/2u *"_ivl_50", 6 0, L_000001f23a080a10;  1 drivers
v000001f23a06dde0_0 .net *"_ivl_52", 0 0, L_000001f23a07c890;  1 drivers
L_000001f23a080a58 .functor BUFT 1, C4<1>, C4<0>, C4<0>, C4<0>;
v000001f23a06de80_0 .net/2u *"_ivl_54", 0 0, L_000001f23a080a58;  1 drivers
L_000001f23a080aa0 .functor BUFT 1, C4<0>, C4<0>, C4<0>, C4<0>;
v000001f23a06dfc0_0 .net/2u *"_ivl_56", 0 0, L_000001f23a080aa0;  1 drivers
v000001f23a06e060_0 .net *"_ivl_6", 0 0, L_000001f23a07d5b0;  1 drivers
L_000001f23a080ae8 .functor BUFT 1, C4<0000011>, C4<0>, C4<0>, C4<0>;
v000001f23a06e100_0 .net/2u *"_ivl_60", 6 0, L_000001f23a080ae8;  1 drivers
v000001f23a079b20_0 .net *"_ivl_62", 0 0, L_000001f23a07d1f0;  1 drivers
L_000001f23a080b30 .functor BUFT 1, C4<1>, C4<0>, C4<0>, C4<0>;
v000001f23a079260_0 .net/2u *"_ivl_64", 0 0, L_000001f23a080b30;  1 drivers
L_000001f23a080b78 .functor BUFT 1, C4<0>, C4<0>, C4<0>, C4<0>;
v000001f23a079e40_0 .net/2u *"_ivl_66", 0 0, L_000001f23a080b78;  1 drivers
L_000001f23a080bc0 .functor BUFT 1, C4<1100011>, C4<0>, C4<0>, C4<0>;
v000001f23a0780e0_0 .net/2u *"_ivl_70", 6 0, L_000001f23a080bc0;  1 drivers
v000001f23a079c60_0 .net *"_ivl_72", 0 0, L_000001f23a07d330;  1 drivers
L_000001f23a080c08 .functor BUFT 1, C4<1>, C4<0>, C4<0>, C4<0>;
v000001f23a079760_0 .net/2u *"_ivl_74", 0 0, L_000001f23a080c08;  1 drivers
L_000001f23a080c50 .functor BUFT 1, C4<0>, C4<0>, C4<0>, C4<0>;
v000001f23a079ee0_0 .net/2u *"_ivl_76", 0 0, L_000001f23a080c50;  1 drivers
v000001f23a079300_0 .net *"_ivl_8", 0 0, L_000001f23a0d9290;  1 drivers
L_000001f23a080c98 .functor BUFT 1, C4<0110011>, C4<0>, C4<0>, C4<0>;
v000001f23a0789a0_0 .net/2u *"_ivl_80", 6 0, L_000001f23a080c98;  1 drivers
v000001f23a079580_0 .net *"_ivl_82", 0 0, L_000001f23a07de70;  1 drivers
L_000001f23a080ce0 .functor BUFT 1, C4<10>, C4<0>, C4<0>, C4<0>;
v000001f23a078180_0 .net/2u *"_ivl_84", 1 0, L_000001f23a080ce0;  1 drivers
L_000001f23a080d28 .functor BUFT 1, C4<1100011>, C4<0>, C4<0>, C4<0>;
v000001f23a078220_0 .net/2u *"_ivl_86", 6 0, L_000001f23a080d28;  1 drivers
v000001f23a079800_0 .net *"_ivl_88", 0 0, L_000001f23a07d470;  1 drivers
L_000001f23a080d70 .functor BUFT 1, C4<01>, C4<0>, C4<0>, C4<0>;
v000001f23a0782c0_0 .net/2u *"_ivl_90", 1 0, L_000001f23a080d70;  1 drivers
L_000001f23a080db8 .functor BUFT 1, C4<00>, C4<0>, C4<0>, C4<0>;
v000001f23a079080_0 .net/2u *"_ivl_92", 1 0, L_000001f23a080db8;  1 drivers
v000001f23a079bc0_0 .net *"_ivl_94", 1 0, L_000001f23a07c930;  1 drivers
L_000001f23a07e230 .cmp/eq 7, L_000001f23a0df2d0, L_000001f23a080668;
L_000001f23a07d5b0 .cmp/eq 7, L_000001f23a0df2d0, L_000001f23a0806b0;
L_000001f23a07dc90 .functor MUXZ 1, L_000001f23a080740, L_000001f23a0806f8, L_000001f23a0d9290, C4<>;
L_000001f23a07d150 .cmp/eq 7, L_000001f23a0df2d0, L_000001f23a080788;
L_000001f23a07dfb0 .cmp/eq 7, L_000001f23a0df2d0, L_000001f23a080818;
L_000001f23a07e2d0 .functor MUXZ 2, L_000001f23a0808a8, L_000001f23a080860, L_000001f23a07dfb0, C4<>;
L_000001f23a07c6b0 .functor MUXZ 2, L_000001f23a07e2d0, L_000001f23a0807d0, L_000001f23a07d150, C4<>;
L_000001f23a07dd30 .cmp/eq 7, L_000001f23a0df2d0, L_000001f23a0808f0;
L_000001f23a07c750 .cmp/eq 7, L_000001f23a0df2d0, L_000001f23a080938;
L_000001f23a07c7f0 .functor MUXZ 1, L_000001f23a0809c8, L_000001f23a080980, L_000001f23a0d9220, C4<>;
L_000001f23a07c890 .cmp/eq 7, L_000001f23a0df2d0, L_000001f23a080a10;
L_000001f23a07d290 .functor MUXZ 1, L_000001f23a080aa0, L_000001f23a080a58, L_000001f23a07c890, C4<>;
L_000001f23a07d1f0 .cmp/eq 7, L_000001f23a0df2d0, L_000001f23a080ae8;
L_000001f23a07da10 .functor MUXZ 1, L_000001f23a080b78, L_000001f23a080b30, L_000001f23a07d1f0, C4<>;
L_000001f23a07d330 .cmp/eq 7, L_000001f23a0df2d0, L_000001f23a080bc0;
L_000001f23a07d3d0 .functor MUXZ 1, L_000001f23a080c50, L_000001f23a080c08, L_000001f23a07d330, C4<>;
L_000001f23a07de70 .cmp/eq 7, L_000001f23a0df2d0, L_000001f23a080c98;
L_000001f23a07d470 .cmp/eq 7, L_000001f23a0df2d0, L_000001f23a080d28;
L_000001f23a07c930 .functor MUXZ 2, L_000001f23a080db8, L_000001f23a080d70, L_000001f23a07d470, C4<>;
L_000001f23a07cb10 .functor MUXZ 2, L_000001f23a07c930, L_000001f23a080ce0, L_000001f23a07de70, C4<>;
S_000001f239fb5d00 .scope module, "Data_Memory" "Data_Memory" 3 88, 8 1 0, S_000001f239fddb90;
 .timescale 0 0;
    .port_info 0 /INPUT 1 "clk";
    .port_info 1 /INPUT 1 "rst";
    .port_info 2 /INPUT 1 "WE";
    .port_info 3 /INPUT 32 "WD";
    .port_info 4 /INPUT 32 "A";
    .port_info 5 /OUTPUT 32 "RD";
L_000001f23a0d9990 .functor NOT 1, v000001f23a07eeb0_0, C4<0>, C4<0>, C4<0>;
v000001f23a0784a0_0 .net "A", 31 0, L_000001f23a07e7d0;  alias, 1 drivers
v000001f23a079d00_0 .net "RD", 31 0, L_000001f23a0dec90;  alias, 1 drivers
v000001f23a0794e0_0 .net "WD", 31 0, L_000001f23a07f3b0;  alias, 1 drivers
v000001f23a079120_0 .net "WE", 0 0, L_000001f23a07d290;  alias, 1 drivers
v000001f23a079940_0 .net *"_ivl_0", 0 0, L_000001f23a0d9990;  1 drivers
L_000001f23a081430 .functor BUFT 1, C4<00000000000000000000000000000000>, C4<0>, C4<0>, C4<0>;
v000001f23a079da0_0 .net/2u *"_ivl_2", 31 0, L_000001f23a081430;  1 drivers
v000001f23a078540_0 .net *"_ivl_4", 31 0, L_000001f23a0debf0;  1 drivers
v000001f23a0785e0_0 .net "clk", 0 0, v000001f23a07fc70_0;  alias, 1 drivers
v000001f23a078720 .array "mem", 0 1023, 31 0;
v000001f23a078ae0_0 .net "rst", 0 0, v000001f23a07eeb0_0;  alias, 1 drivers
E_000001f23a00e7b0 .event posedge, v000001f23a0785e0_0;
L_000001f23a0debf0 .array/port v000001f23a078720, L_000001f23a07e7d0;
L_000001f23a0dec90 .functor MUXZ 32, L_000001f23a0debf0, L_000001f23a081430, L_000001f23a0d9990, C4<>;
S_000001f239fb5e90 .scope module, "Instruction_Memory" "Instruction_Memory" 3 33, 9 1 0, S_000001f239fddb90;
 .timescale 0 0;
    .port_info 0 /INPUT 1 "rst";
    .port_info 1 /INPUT 32 "A";
    .port_info 2 /OUTPUT 32 "RD";
L_000001f239ff0720 .functor NOT 1, v000001f23a07eeb0_0, C4<0>, C4<0>, C4<0>;
v000001f23a0787c0_0 .net "A", 31 0, v000001f23a07aa50_0;  alias, 1 drivers
v000001f23a078860_0 .net "RD", 31 0, L_000001f23a07e9b0;  alias, 1 drivers
v000001f23a078b80_0 .net *"_ivl_0", 0 0, L_000001f239ff0720;  1 drivers
L_000001f23a080110 .functor BUFT 1, C4<00000000000000000000000000000000>, C4<0>, C4<0>, C4<0>;
v000001f23a078fe0_0 .net/2u *"_ivl_2", 31 0, L_000001f23a080110;  1 drivers
v000001f23a078d60_0 .net *"_ivl_4", 31 0, L_000001f23a07eff0;  1 drivers
v000001f23a078900_0 .net *"_ivl_7", 29 0, L_000001f23a07eb90;  1 drivers
v000001f23a078e00 .array "mem", 1023 0, 31 0;
v000001f23a078ea0_0 .net "rst", 0 0, v000001f23a07eeb0_0;  alias, 1 drivers
L_000001f23a07eff0 .array/port v000001f23a078e00, L_000001f23a07eb90;
L_000001f23a07eb90 .part v000001f23a07aa50_0, 2, 30;
L_000001f23a07e9b0 .functor MUXZ 32, L_000001f23a07eff0, L_000001f23a080110, L_000001f239ff0720, C4<>;
S_000001f239fb6020 .scope module, "Mux_DataMemory_to_Register" "Mux" 3 97, 10 1 0, S_000001f239fddb90;
 .timescale 0 0;
    .port_info 0 /INPUT 32 "a";
    .port_info 1 /INPUT 32 "b";
    .port_info 2 /INPUT 1 "s";
    .port_info 3 /OUTPUT 32 "c";
L_000001f23a0d9d80 .functor NOT 1, L_000001f23a07da10, C4<0>, C4<0>, C4<0>;
v000001f23a0791c0_0 .net *"_ivl_0", 0 0, L_000001f23a0d9d80;  1 drivers
v000001f23a0798a0_0 .net "a", 31 0, L_000001f23a07e7d0;  alias, 1 drivers
v000001f23a079440_0 .net "b", 31 0, L_000001f23a0dec90;  alias, 1 drivers
v000001f23a079620_0 .net "c", 31 0, L_000001f23a0df410;  alias, 1 drivers
v000001f23a0796c0_0 .net "s", 0 0, L_000001f23a07da10;  alias, 1 drivers
L_000001f23a0df410 .functor MUXZ 32, L_000001f23a0dec90, L_000001f23a07e7d0, L_000001f23a0d9d80, C4<>;
S_000001f239fcfa30 .scope module, "Mux_Register_to_ALU" "Mux" 3 57, 10 1 0, S_000001f239fddb90;
 .timescale 0 0;
    .port_info 0 /INPUT 32 "a";
    .port_info 1 /INPUT 32 "b";
    .port_info 2 /INPUT 1 "s";
    .port_info 3 /OUTPUT 32 "c";
L_000001f23a0d9fb0 .functor NOT 1, L_000001f23a07c7f0, C4<0>, C4<0>, C4<0>;
v000001f23a07a9b0_0 .net *"_ivl_0", 0 0, L_000001f23a0d9fb0;  1 drivers
v000001f23a07ab90_0 .net "a", 31 0, L_000001f23a07f3b0;  alias, 1 drivers
v000001f23a07a230_0 .net "b", 31 0, L_000001f23a07ced0;  alias, 1 drivers
v000001f23a07a0f0_0 .net "c", 31 0, L_000001f23a07e690;  alias, 1 drivers
v000001f23a07bc70_0 .net "s", 0 0, L_000001f23a07c7f0;  alias, 1 drivers
L_000001f23a07e690 .functor MUXZ 32, L_000001f23a07ced0, L_000001f23a07f3b0, L_000001f23a0d9fb0, C4<>;
S_000001f239fcfbc0 .scope module, "PC" "PC_Module" 3 20, 11 1 0, S_000001f239fddb90;
 .timescale 0 0;
    .port_info 0 /INPUT 1 "clk";
    .port_info 1 /INPUT 1 "rst";
    .port_info 2 /OUTPUT 32 "PC";
    .port_info 3 /INPUT 32 "PC_Next";
v000001f23a07aa50_0 .var "PC", 31 0;
v000001f23a07a370_0 .net "PC_Next", 31 0, L_000001f23a07ecd0;  alias, 1 drivers
v000001f23a07bf90_0 .net "clk", 0 0, v000001f23a07fc70_0;  alias, 1 drivers
v000001f23a07b630_0 .net "rst", 0 0, v000001f23a07eeb0_0;  alias, 1 drivers
S_000001f239fcfd50 .scope module, "PC_Adder" "PC_Adder" 3 27, 12 1 0, S_000001f239fddb90;
 .timescale 0 0;
    .port_info 0 /INPUT 32 "a";
    .port_info 1 /INPUT 32 "b";
    .port_info 2 /OUTPUT 32 "c";
v000001f23a07b6d0_0 .net "a", 31 0, v000001f23a07aa50_0;  alias, 1 drivers
L_000001f23a0800c8 .functor BUFT 1, C4<00000000000000000000000000000100>, C4<0>, C4<0>, C4<0>;
v000001f23a07bef0_0 .net "b", 31 0, L_000001f23a0800c8;  1 drivers
v000001f23a07b950_0 .net "c", 31 0, L_000001f23a07ecd0;  alias, 1 drivers
L_000001f23a07ecd0 .arith/sum 32, v000001f23a07aa50_0, L_000001f23a0800c8;
S_000001f239fcd270 .scope module, "Register_File" "Register_File" 3 39, 13 1 0, S_000001f239fddb90;
 .timescale 0 0;
    .port_info 0 /INPUT 1 "clk";
    .port_info 1 /INPUT 1 "rst";
    .port_info 2 /INPUT 1 "WE3";
    .port_info 3 /INPUT 32 "WD3";
    .port_info 4 /INPUT 5 "A1";
    .port_info 5 /INPUT 5 "A2";
    .port_info 6 /INPUT 5 "A3";
    .port_info 7 /OUTPUT 32 "RD1";
    .port_info 8 /OUTPUT 32 "RD2";
L_000001f239fc26f0 .functor NOT 1, v000001f23a07eeb0_0, C4<0>, C4<0>, C4<0>;
L_000001f23a0d9b50 .functor NOT 1, v000001f23a07eeb0_0, C4<0>, C4<0>, C4<0>;
v000001f23a07ac30_0 .net "A1", 4 0, L_000001f23a07f590;  1 drivers
v000001f23a07b8b0_0 .net "A2", 4 0, L_000001f23a07fbd0;  1 drivers
v000001f23a07b770_0 .net "A3", 4 0, L_000001f23a07fb30;  1 drivers
v000001f23a07a870_0 .net "RD1", 31 0, L_000001f23a07ea50;  alias, 1 drivers
v000001f23a07bd10_0 .net "RD2", 31 0, L_000001f23a07f3b0;  alias, 1 drivers
v000001f23a07bdb0 .array "Register", 0 31, 31 0;
v000001f23a07a2d0_0 .net "WD3", 31 0, L_000001f23a0df410;  alias, 1 drivers
v000001f23a07b9f0_0 .net "WE3", 0 0, L_000001f23a07dc90;  alias, 1 drivers
v000001f23a07a190_0 .net *"_ivl_0", 0 0, L_000001f239fc26f0;  1 drivers
v000001f23a07b270_0 .net *"_ivl_12", 0 0, L_000001f23a0d9b50;  1 drivers
L_000001f23a0801e8 .functor BUFT 1, C4<00000000000000000000000000000000>, C4<0>, C4<0>, C4<0>;
v000001f23a07ba90_0 .net/2u *"_ivl_14", 31 0, L_000001f23a0801e8;  1 drivers
v000001f23a07b310_0 .net *"_ivl_16", 31 0, L_000001f23a07f4f0;  1 drivers
v000001f23a07be50_0 .net *"_ivl_18", 6 0, L_000001f23a07f950;  1 drivers
L_000001f23a080158 .functor BUFT 1, C4<00000000000000000000000000000000>, C4<0>, C4<0>, C4<0>;
v000001f23a07a410_0 .net/2u *"_ivl_2", 31 0, L_000001f23a080158;  1 drivers
L_000001f23a080230 .functor BUFT 1, C4<00>, C4<0>, C4<0>, C4<0>;
v000001f23a07a4b0_0 .net *"_ivl_21", 1 0, L_000001f23a080230;  1 drivers
v000001f23a07ae10_0 .net *"_ivl_4", 31 0, L_000001f23a07ef50;  1 drivers
v000001f23a07b4f0_0 .net *"_ivl_6", 6 0, L_000001f23a07f310;  1 drivers
L_000001f23a0801a0 .functor BUFT 1, C4<00>, C4<0>, C4<0>, C4<0>;
v000001f23a07a550_0 .net *"_ivl_9", 1 0, L_000001f23a0801a0;  1 drivers
v000001f23a07b090_0 .net "clk", 0 0, v000001f23a07fc70_0;  alias, 1 drivers
v000001f23a07a5f0_0 .net "rst", 0 0, v000001f23a07eeb0_0;  alias, 1 drivers
L_000001f23a07ef50 .array/port v000001f23a07bdb0, L_000001f23a07f310;
L_000001f23a07f310 .concat [ 5 2 0 0], L_000001f23a07f590, L_000001f23a0801a0;
L_000001f23a07ea50 .functor MUXZ 32, L_000001f23a07ef50, L_000001f23a080158, L_000001f239fc26f0, C4<>;
L_000001f23a07f4f0 .array/port v000001f23a07bdb0, L_000001f23a07f950;
L_000001f23a07f950 .concat [ 5 2 0 0], L_000001f23a07fbd0, L_000001f23a080230;
L_000001f23a07f3b0 .functor MUXZ 32, L_000001f23a07f4f0, L_000001f23a0801e8, L_000001f23a0d9b50, C4<>;
S_000001f239fcd400 .scope module, "Sign_Extend" "Sign_Extend" 3 51, 14 1 0, S_000001f239fddb90;
 .timescale 0 0;
    .port_info 0 /INPUT 32 "In";
    .port_info 1 /OUTPUT 32 "Imm_Ext";
    .port_info 2 /INPUT 1 "ImmSrc";
L_000001f23a080278 .functor BUFT 1, C4<1>, C4<0>, C4<0>, C4<0>;
L_000001f23a0d9bc0 .functor XNOR 1, L_000001f23a07c110, L_000001f23a080278, C4<0>, C4<0>;
v000001f23a07a690_0 .net "ImmSrc", 0 0, L_000001f23a07c110;  1 drivers
v000001f23a07acd0_0 .net "Imm_Ext", 31 0, L_000001f23a07ced0;  alias, 1 drivers
v000001f23a07a730_0 .net "In", 31 0, L_000001f23a07e9b0;  alias, 1 drivers
v000001f23a07b810_0 .net/2u *"_ivl_0", 0 0, L_000001f23a080278;  1 drivers
v000001f23a07af50_0 .net *"_ivl_11", 4 0, L_000001f23a07f810;  1 drivers
v000001f23a07aff0_0 .net *"_ivl_12", 31 0, L_000001f23a07f770;  1 drivers
v000001f23a07aaf0_0 .net *"_ivl_15", 0 0, L_000001f23a07f8b0;  1 drivers
v000001f23a07aeb0_0 .net *"_ivl_16", 19 0, L_000001f23a07f9f0;  1 drivers
v000001f23a07b130_0 .net *"_ivl_19", 11 0, L_000001f23a07e050;  1 drivers
v000001f23a07a7d0_0 .net *"_ivl_2", 0 0, L_000001f23a0d9bc0;  1 drivers
v000001f23a07b1d0_0 .net *"_ivl_20", 31 0, L_000001f23a07e550;  1 drivers
v000001f23a07b3b0_0 .net *"_ivl_5", 0 0, L_000001f23a07f630;  1 drivers
v000001f23a07a910_0 .net *"_ivl_6", 19 0, L_000001f23a07eaf0;  1 drivers
v000001f23a07b450_0 .net *"_ivl_9", 6 0, L_000001f23a07f6d0;  1 drivers
L_000001f23a07f630 .part L_000001f23a07e9b0, 31, 1;
LS_000001f23a07eaf0_0_0 .concat [ 1 1 1 1], L_000001f23a07f630, L_000001f23a07f630, L_000001f23a07f630, L_000001f23a07f630;
LS_000001f23a07eaf0_0_4 .concat [ 1 1 1 1], L_000001f23a07f630, L_000001f23a07f630, L_000001f23a07f630, L_000001f23a07f630;
LS_000001f23a07eaf0_0_8 .concat [ 1 1 1 1], L_000001f23a07f630, L_000001f23a07f630, L_000001f23a07f630, L_000001f23a07f630;
LS_000001f23a07eaf0_0_12 .concat [ 1 1 1 1], L_000001f23a07f630, L_000001f23a07f630, L_000001f23a07f630, L_000001f23a07f630;
LS_000001f23a07eaf0_0_16 .concat [ 1 1 1 1], L_000001f23a07f630, L_000001f23a07f630, L_000001f23a07f630, L_000001f23a07f630;
LS_000001f23a07eaf0_1_0 .concat [ 4 4 4 4], LS_000001f23a07eaf0_0_0, LS_000001f23a07eaf0_0_4, LS_000001f23a07eaf0_0_8, LS_000001f23a07eaf0_0_12;
LS_000001f23a07eaf0_1_4 .concat [ 4 0 0 0], LS_000001f23a07eaf0_0_16;
L_000001f23a07eaf0 .concat [ 16 4 0 0], LS_000001f23a07eaf0_1_0, LS_000001f23a07eaf0_1_4;
L_000001f23a07f6d0 .part L_000001f23a07e9b0, 25, 7;
L_000001f23a07f810 .part L_000001f23a07e9b0, 7, 5;
L_000001f23a07f770 .concat [ 5 7 20 0], L_000001f23a07f810, L_000001f23a07f6d0, L_000001f23a07eaf0;
L_000001f23a07f8b0 .part L_000001f23a07e9b0, 31, 1;
LS_000001f23a07f9f0_0_0 .concat [ 1 1 1 1], L_000001f23a07f8b0, L_000001f23a07f8b0, L_000001f23a07f8b0, L_000001f23a07f8b0;
LS_000001f23a07f9f0_0_4 .concat [ 1 1 1 1], L_000001f23a07f8b0, L_000001f23a07f8b0, L_000001f23a07f8b0, L_000001f23a07f8b0;
LS_000001f23a07f9f0_0_8 .concat [ 1 1 1 1], L_000001f23a07f8b0, L_000001f23a07f8b0, L_000001f23a07f8b0, L_000001f23a07f8b0;
LS_000001f23a07f9f0_0_12 .concat [ 1 1 1 1], L_000001f23a07f8b0, L_000001f23a07f8b0, L_000001f23a07f8b0, L_000001f23a07f8b0;
LS_000001f23a07f9f0_0_16 .concat [ 1 1 1 1], L_000001f23a07f8b0, L_000001f23a07f8b0, L_000001f23a07f8b0, L_000001f23a07f8b0;
LS_000001f23a07f9f0_1_0 .concat [ 4 4 4 4], LS_000001f23a07f9f0_0_0, LS_000001f23a07f9f0_0_4, LS_000001f23a07f9f0_0_8, LS_000001f23a07f9f0_0_12;
LS_000001f23a07f9f0_1_4 .concat [ 4 0 0 0], LS_000001f23a07f9f0_0_16;
L_000001f23a07f9f0 .concat [ 16 4 0 0], LS_000001f23a07f9f0_1_0, LS_000001f23a07f9f0_1_4;
L_000001f23a07e050 .part L_000001f23a07e9b0, 20, 12;
L_000001f23a07e550 .concat [ 12 20 0 0], L_000001f23a07e050, L_000001f23a07f9f0;
L_000001f23a07ced0 .functor MUXZ 32, L_000001f23a07e550, L_000001f23a07f770, L_000001f23a0d9bc0, C4<>;
    .scope S_000001f239fcfbc0;
T_0 ;
    %wait E_000001f23a00e7b0;
    %load/vec4 v000001f23a07b630_0;
    %inv;
    %flag_set/vec4 8;
    %jmp/0xz  T_0.0, 8;
    %pushi/vec4 0, 0, 32;
    %assign/vec4 v000001f23a07aa50_0, 0;
    %jmp T_0.1;
T_0.0 ;
    %load/vec4 v000001f23a07a370_0;
    %assign/vec4 v000001f23a07aa50_0, 0;
T_0.1 ;
    %jmp T_0;
    .thread T_0;
    .scope S_000001f239fb5e90;
T_1 ;
    %vpi_call 9 12 "$readmemh", "_memfile.hex", v000001f23a078e00 {0 0 0};
    %end;
    .thread T_1;
    .scope S_000001f239fcd270;
T_2 ;
    %wait E_000001f23a00e7b0;
    %load/vec4 v000001f23a07b9f0_0;
    %flag_set/vec4 8;
    %jmp/0xz  T_2.0, 8;
    %load/vec4 v000001f23a07a2d0_0;
    %load/vec4 v000001f23a07b770_0;
    %pad/u 7;
    %ix/vec4 3;
    %ix/load 4, 0, 0; Constant delay
    %assign/vec4/a/d v000001f23a07bdb0, 0, 4;
T_2.0 ;
    %jmp T_2;
    .thread T_2;
    .scope S_000001f239fcd270;
T_3 ;
    %pushi/vec4 5, 0, 32;
    %ix/load 4, 5, 0;
    %flag_set/imm 4, 0;
    %store/vec4a v000001f23a07bdb0, 4, 0;
    %pushi/vec4 4, 0, 32;
    %ix/load 4, 6, 0;
    %flag_set/imm 4, 0;
    %store/vec4a v000001f23a07bdb0, 4, 0;
    %end;
    .thread T_3;
    .scope S_000001f239fb5d00;
T_4 ;
    %wait E_000001f23a00e7b0;
    %load/vec4 v000001f23a079120_0;
    %flag_set/vec4 8;
    %jmp/0xz  T_4.0, 8;
    %load/vec4 v000001f23a0794e0_0;
    %ix/getv 3, v000001f23a0784a0_0;
    %ix/load 4, 0, 0; Constant delay
    %assign/vec4/a/d v000001f23a078720, 0, 4;
T_4.0 ;
    %jmp T_4;
    .thread T_4;
    .scope S_000001f239fb5d00;
T_5 ;
    %pushi/vec4 32, 0, 32;
    %ix/load 4, 28, 0;
    %flag_set/imm 4, 0;
    %store/vec4a v000001f23a078720, 4, 0;
    %end;
    .thread T_5;
    .scope S_000001f239fdda00;
T_6 ;
    %pushi/vec4 1, 0, 1;
    %store/vec4 v000001f23a07fc70_0, 0, 1;
    %end;
    .thread T_6;
    .scope S_000001f239fdda00;
T_7 ;
    %vpi_call 2 13 "$dumpfile", "_riscv.vcd" {0 0 0};
    %vpi_call 2 14 "$dumpvars", 32'sb00000000000000000000000000000000 {0 0 0};
    %end;
    .thread T_7;
    .scope S_000001f239fdda00;
T_8 ;
    %load/vec4 v000001f23a07fc70_0;
    %inv;
    %store/vec4 v000001f23a07fc70_0, 0, 1;
    %delay 50, 0;
    %jmp T_8;
    .thread T_8;
    .scope S_000001f239fdda00;
T_9 ;
    %pushi/vec4 0, 0, 1;
    %assign/vec4 v000001f23a07eeb0_0, 0;
    %delay 150, 0;
    %pushi/vec4 1, 0, 1;
    %assign/vec4 v000001f23a07eeb0_0, 0;
    %delay 450, 0;
    %vpi_call 2 31 "$finish" {0 0 0};
    %end;
    .thread T_9;
# The file index is used to find the file name in the following table.
:file_names 15;
    "N/A";
    "<interactive>";
    "_riscv_tb.v";
    "./_riscv.v";
    "./_alu.v";
    "./_control_unit_top.v";
    "./_alu_decoder.v";
    "./_main_decoder.v";
    "./_data_memory.v";
    "./_instruction_memory.v";
    "./_mux.v";
    "./_pc.v";
    "./_pc_adder.v";
    "./_register_file.v";
    "./_sign_extend.v";
