#! /c/Source/iverilog-install/bin/vvp
:ivl_version "12.0 (devel)" "(s20150603-1110-g18392a46)";
:ivl_delay_selection "TYPICAL";
:vpi_time_precision + 0;
:vpi_module "c:\iverilog\lib\ivl\system.vpi";
:vpi_module "c:\iverilog\lib\ivl\vhdl_sys.vpi";
:vpi_module "c:\iverilog\lib\ivl\vhdl_textio.vpi";
:vpi_module "c:\iverilog\lib\ivl\v2005_math.vpi";
:vpi_module "c:\iverilog\lib\ivl\va_math.vpi";
S_000001f421422720 .scope module, "Sign_Extend" "Sign_Extend" 2 1;
 .timescale 0 0;
    .port_info 0 /INPUT 32 "In";
    .port_info 1 /OUTPUT 32 "Imm_Ext";
    .port_info 2 /INPUT 1 "ImmSrc";
o000001f421456f78 .functor BUFZ 1, C4<z>; HiZ drive
L_000001f421497fe8 .functor BUFT 1, C4<1>, C4<0>, C4<0>, C4<0>;
L_000001f4214230e0 .functor XNOR 1, o000001f421456f78, L_000001f421497fe8, C4<0>, C4<0>;
v000001f4214228b0_0 .net "ImmSrc", 0 0, o000001f421456f78;  0 drivers
v000001f421422950_0 .net "Imm_Ext", 31 0, L_000001f421452f90;  1 drivers
o000001f421456fd8 .functor BUFZ 32, C4<zzzzzzzzzzzzzzzzzzzzzzzzzzzzzzzz>; HiZ drive
v000001f4214229f0_0 .net "In", 31 0, o000001f421456fd8;  0 drivers
v000001f421422a90_0 .net/2u *"_ivl_0", 0 0, L_000001f421497fe8;  1 drivers
v000001f421422b30_0 .net *"_ivl_11", 4 0, L_000001f421453710;  1 drivers
v000001f42152e980_0 .net *"_ivl_12", 31 0, L_000001f421452a90;  1 drivers
v000001f42152ea20_0 .net *"_ivl_15", 0 0, L_000001f421452b30;  1 drivers
v000001f42152eac0_0 .net *"_ivl_16", 19 0, L_000001f421452e50;  1 drivers
v000001f4214533f0_0 .net *"_ivl_19", 11 0, L_000001f421452ef0;  1 drivers
v000001f421452d10_0 .net *"_ivl_2", 0 0, L_000001f4214230e0;  1 drivers
v000001f4214532b0_0 .net *"_ivl_20", 31 0, L_000001f421452c70;  1 drivers
v000001f421453210_0 .net *"_ivl_5", 0 0, L_000001f421453490;  1 drivers
v000001f421452db0_0 .net *"_ivl_6", 19 0, L_000001f421453530;  1 drivers
v000001f421453030_0 .net *"_ivl_9", 6 0, L_000001f4214530d0;  1 drivers
L_000001f421453490 .part o000001f421456fd8, 31, 1;
LS_000001f421453530_0_0 .concat [ 1 1 1 1], L_000001f421453490, L_000001f421453490, L_000001f421453490, L_000001f421453490;
LS_000001f421453530_0_4 .concat [ 1 1 1 1], L_000001f421453490, L_000001f421453490, L_000001f421453490, L_000001f421453490;
LS_000001f421453530_0_8 .concat [ 1 1 1 1], L_000001f421453490, L_000001f421453490, L_000001f421453490, L_000001f421453490;
LS_000001f421453530_0_12 .concat [ 1 1 1 1], L_000001f421453490, L_000001f421453490, L_000001f421453490, L_000001f421453490;
LS_000001f421453530_0_16 .concat [ 1 1 1 1], L_000001f421453490, L_000001f421453490, L_000001f421453490, L_000001f421453490;
LS_000001f421453530_1_0 .concat [ 4 4 4 4], LS_000001f421453530_0_0, LS_000001f421453530_0_4, LS_000001f421453530_0_8, LS_000001f421453530_0_12;
LS_000001f421453530_1_4 .concat [ 4 0 0 0], LS_000001f421453530_0_16;
L_000001f421453530 .concat [ 16 4 0 0], LS_000001f421453530_1_0, LS_000001f421453530_1_4;
L_000001f4214530d0 .part o000001f421456fd8, 25, 7;
L_000001f421453710 .part o000001f421456fd8, 7, 5;
L_000001f421452a90 .concat [ 5 7 20 0], L_000001f421453710, L_000001f4214530d0, L_000001f421453530;
L_000001f421452b30 .part o000001f421456fd8, 31, 1;
LS_000001f421452e50_0_0 .concat [ 1 1 1 1], L_000001f421452b30, L_000001f421452b30, L_000001f421452b30, L_000001f421452b30;
LS_000001f421452e50_0_4 .concat [ 1 1 1 1], L_000001f421452b30, L_000001f421452b30, L_000001f421452b30, L_000001f421452b30;
LS_000001f421452e50_0_8 .concat [ 1 1 1 1], L_000001f421452b30, L_000001f421452b30, L_000001f421452b30, L_000001f421452b30;
LS_000001f421452e50_0_12 .concat [ 1 1 1 1], L_000001f421452b30, L_000001f421452b30, L_000001f421452b30, L_000001f421452b30;
LS_000001f421452e50_0_16 .concat [ 1 1 1 1], L_000001f421452b30, L_000001f421452b30, L_000001f421452b30, L_000001f421452b30;
LS_000001f421452e50_1_0 .concat [ 4 4 4 4], LS_000001f421452e50_0_0, LS_000001f421452e50_0_4, LS_000001f421452e50_0_8, LS_000001f421452e50_0_12;
LS_000001f421452e50_1_4 .concat [ 4 0 0 0], LS_000001f421452e50_0_16;
L_000001f421452e50 .concat [ 16 4 0 0], LS_000001f421452e50_1_0, LS_000001f421452e50_1_4;
L_000001f421452ef0 .part o000001f421456fd8, 20, 12;
L_000001f421452c70 .concat [ 12 20 0 0], L_000001f421452ef0, L_000001f421452e50;
L_000001f421452f90 .functor MUXZ 32, L_000001f421452c70, L_000001f421452a90, L_000001f4214230e0, C4<>;
# The file index is used to find the file name in the following table.
:file_names 3;
    "N/A";
    "<interactive>";
    "_sign_extend.v";
